#
# There is insufficient memory for the Java Runtime Environment to continue.
# Native memory allocation (mmap) failed to map 65536 bytes for Failed to commit metaspace.
# Possible reasons:
#   The system is out of physical RAM or swap space
#   The process is running with CompressedOops enabled, and the Java Heap may be blocking the growth of the native heap
# Possible solutions:
#   Reduce memory load on the system
#   Increase physical memory or swap space
#   Check if swap backing store is full
#   Decrease Java heap size (-Xmx/-Xms)
#   Decrease number of Java threads
#   Decrease Java thread stack sizes (-Xss)
#   Set larger code cache with -XX:ReservedCodeCacheSize=
#   JVM is running with Zero Based Compressed Oops mode in which the Java heap is
#     placed in the first 32GB address space. The Java Heap base address is the
#     maximum limit for the native heap growth. Please use -XX:HeapBaseMinAddress
#     to set the Java Heap base and to place the Java Heap above 32GB virtual address.
# This output file may be truncated or incomplete.
#
#  Out of Memory Error (virtualSpaceNode.cpp:110), pid=28040, tid=6620
#
# JRE version: OpenJDK Runtime Environment Corretto-17.0.5.8.1 (17.0.5+8) (build 17.0.5+8-LTS)
# Java VM: OpenJDK 64-Bit Server VM Corretto-17.0.5.8.1 (17.0.5+8-LTS, mixed mode, emulated-client, sharing, tiered, compressed oops, compressed class ptrs, g1 gc, windows-amd64)
# No core dump will be written. Minidumps are not enabled by default on client versions of Windows
#

---------------  S U M M A R Y ------------

Command Line: -XX:TieredStopAtLevel=1 -Dspring.devtools.restart.trigger-file=.restartTriggerFile -Dspring.output.ansi.enabled=always -Dcom.sun.management.jmxremote -Dspring.jmx.enabled=true -Dspring.liveBeansView.mbeanDomain -Dspring.application.admin.enabled=true -Dmanagement.endpoints.jmx.exposure.include=* -javaagent:D:\tools\JetBrains\Toolbox\apps\IDEA-U\ch-0\223.8617.56\lib\idea_rt.jar=62980:D:\tools\JetBrains\Toolbox\apps\IDEA-U\ch-0\223.8617.56\bin -Dfile.encoding=UTF-8 com.YYT.springbootbookmanager.SpringbootBookManagerApplication

Host: AMD Ryzen 7 6800H with Radeon Graphics         , 16 cores, 21G,  Windows 11 , 64 bit Build 22621 (10.0.22621.1325)
Time: Mon Feb 27 20:22:55 2023 China Standard Time elapsed time: 1.013110 seconds (0d 0h 0m 1s)

---------------  T H R E A D  ---------------

Current thread (0x000001e8493b12f0):  JavaThread "main" [_thread_in_vm, id=6620, stack(0x000000af65900000,0x000000af65a00000)]

Stack: [0x000000af65900000,0x000000af65a00000]
Native frames: (J=compiled Java code, j=interpreted, Vv=VM code, C=native code)
V  [jvm.dll+0x646e0a]
V  [jvm.dll+0x7f7f14]
V  [jvm.dll+0x7f96ce]
V  [jvm.dll+0x7f9d23]
V  [jvm.dll+0x234c98]
V  [jvm.dll+0x7f3fdb]
V  [jvm.dll+0x5ee0e6]
V  [jvm.dll+0x1b46be]
V  [jvm.dll+0x5f0934]
V  [jvm.dll+0x5eea9d]
V  [jvm.dll+0x354f19]
V  [jvm.dll+0x1d4e19]
V  [jvm.dll+0x513789]
V  [jvm.dll+0x7760ac]
V  [jvm.dll+0x776194]
V  [jvm.dll+0x3edae5]
V  [jvm.dll+0x3f3671]
C  [java.dll+0x17ec]

Java frames: (J=compiled Java code, j=interpreted, Vv=VM code)
J 1170  java.lang.ClassLoader.defineClass1(Ljava/lang/ClassLoader;Ljava/lang/String;[BIILjava/security/ProtectionDomain;Ljava/lang/String;)Ljava/lang/Class; java.base@17.0.5 (0 bytes) @ 0x000001e85138d7e3 [0x000001e85138d720+0x00000000000000c3]
J 1222 c1 java.lang.ClassLoader.defineClass(Ljava/lang/String;[BIILjava/security/ProtectionDomain;)Ljava/lang/Class; java.base@17.0.5 (43 bytes) @ 0x000001e8513a87ec [0x000001e8513a86e0+0x000000000000010c]
J 1211 c1 jdk.internal.loader.BuiltinClassLoader.defineClass(Ljava/lang/String;Ljdk/internal/loader/Resource;)Ljava/lang/Class; java.base@17.0.5 (121 bytes) @ 0x000001e8513a44f4 [0x000001e8513a4020+0x00000000000004d4]
J 1184 c1 jdk.internal.loader.BuiltinClassLoader.findClassOnClassPathOrNull(Ljava/lang/String;)Ljava/lang/Class; java.base@17.0.5 (64 bytes) @ 0x000001e851394344 [0x000001e851394080+0x00000000000002c4]
J 915 c1 jdk.internal.loader.BuiltinClassLoader.loadClassOrNull(Ljava/lang/String;Z)Ljava/lang/Class; java.base@17.0.5 (143 bytes) @ 0x000001e851299384 [0x000001e851298f00+0x0000000000000484]
J 1058 c1 jdk.internal.loader.ClassLoaders$AppClassLoader.loadClass(Ljava/lang/String;Z)Ljava/lang/Class; java.base@17.0.5 (40 bytes) @ 0x000001e851363b2c [0x000001e8513639e0+0x000000000000014c]
J 1055 c1 java.lang.ClassLoader.loadClass(Ljava/lang/String;)Ljava/lang/Class; java.base@17.0.5 (7 bytes) @ 0x000001e851362f64 [0x000001e851362f20+0x0000000000000044]
v  ~StubRoutines::call_stub
J 889  java.lang.Class.forName0(Ljava/lang/String;ZLjava/lang/ClassLoader;Ljava/lang/Class;)Ljava/lang/Class; java.base@17.0.5 (0 bytes) @ 0x000001e85128822f [0x000001e8512881a0+0x000000000000008f]
J 890 c1 java.lang.Class.forName(Ljava/lang/String;ZLjava/lang/ClassLoader;)Ljava/lang/Class; java.base@17.0.5 (47 bytes) @ 0x000001e85128a2bc [0x000001e85128a1c0+0x00000000000000fc]
J 2117 c1 org.springframework.util.ClassUtils.forName(Ljava/lang/String;Ljava/lang/ClassLoader;)Ljava/lang/Class; (247 bytes) @ 0x000001e8515161fc [0x000001e851515f60+0x000000000000029c]
j  org.springframework.beans.factory.support.AbstractBeanDefinition.resolveBeanClass(Ljava/lang/ClassLoader;)Ljava/lang/Class;+13
j  org.springframework.beans.factory.support.AbstractBeanFactory.doResolveBeanClass(Lorg/springframework/beans/factory/support/RootBeanDefinition;[Ljava/lang/Class;)Ljava/lang/Class;+280
j  org.springframework.beans.factory.support.AbstractBeanFactory.resolveBeanClass(Lorg/springframework/beans/factory/support/RootBeanDefinition;Ljava/lang/String;[Ljava/lang/Class;)Ljava/lang/Class;+40
j  org.springframework.beans.factory.support.AbstractAutowireCapableBeanFactory.determineTargetType(Ljava/lang/String;Lorg/springframework/beans/factory/support/RootBeanDefinition;[Ljava/lang/Class;)Ljava/lang/Class;+32
j  org.springframework.beans.factory.support.AbstractAutowireCapableBeanFactory.predictBeanType(Ljava/lang/String;Lorg/springframework/beans/factory/support/RootBeanDefinition;[Ljava/lang/Class;)Ljava/lang/Class;+4
j  org.springframework.beans.factory.support.AbstractBeanFactory.isFactoryBean(Ljava/lang/String;Lorg/springframework/beans/factory/support/RootBeanDefinition;)Z+21
j  org.springframework.beans.factory.support.DefaultListableBeanFactory.doGetBeanNamesForType(Lorg/springframework/core/ResolvableType;ZZ)[Ljava/lang/String;+111
j  org.springframework.beans.factory.support.DefaultListableBeanFactory.getBeanNamesForType(Ljava/lang/Class;ZZ)[Ljava/lang/String;+22
j  org.springframework.boot.autoconfigure.web.servlet.DispatcherServletAutoConfiguration$DispatcherServletRegistrationCondition.checkDefaultDispatcherName(Lorg/springframework/beans/factory/config/ConfigurableListableBeanFactory;)Lorg/springframework/boot/autoconfigure/condition/ConditionOutcome;+5
j  org.springframework.boot.autoconfigure.web.servlet.DispatcherServletAutoConfiguration$DispatcherServletRegistrationCondition.getMatchOutcome(Lorg/springframework/context/annotation/ConditionContext;Lorg/springframework/core/type/AnnotatedTypeMetadata;)Lorg/springframework/boot/autoconfigure/condition/ConditionOutcome;+9
j  org.springframework.boot.autoconfigure.condition.SpringBootCondition.matches(Lorg/springframework/context/annotation/ConditionContext;Lorg/springframework/core/type/AnnotatedTypeMetadata;)Z+8
j  org.springframework.context.annotation.ConditionEvaluator.shouldSkip(Lorg/springframework/core/type/AnnotatedTypeMetadata;Lorg/springframework/context/annotation/ConfigurationCondition$ConfigurationPhase;)Z+235
j  org.springframework.context.annotation.ConfigurationClassParser.processConfigurationClass(Lorg/springframework/context/annotation/ConfigurationClass;Ljava/util/function/Predicate;)V+11
j  org.springframework.context.annotation.ConfigurationClassParser.processMemberClasses(Lorg/springframework/context/annotation/ConfigurationClass;Lorg/springframework/context/annotation/ConfigurationClassParser$SourceClass;Ljava/util/function/Predicate;)V+199
j  org.springframework.context.annotation.ConfigurationClassParser.doProcessConfigurationClass(Lorg/springframework/context/annotation/ConfigurationClass;Lorg/springframework/context/annotation/ConfigurationClassParser$SourceClass;Ljava/util/function/Predicate;)Lorg/springframework/context/annotation/ConfigurationClassParser$SourceClass;+21
j  org.springframework.context.annotation.ConfigurationClassParser.processConfigurationClass(Lorg/springframework/context/annotation/ConfigurationClass;Ljava/util/function/Predicate;)V+106
j  org.springframework.context.annotation.ConfigurationClassParser.processImports(Lorg/springframework/context/annotation/ConfigurationClass;Lorg/springframework/context/annotation/ConfigurationClassParser$SourceClass;Ljava/util/Collection;Ljava/util/function/Predicate;Z)V+296
j  org.springframework.context.annotation.ConfigurationClassParser.access$800(Lorg/springframework/context/annotation/ConfigurationClassParser;Lorg/springframework/context/annotation/ConfigurationClass;Lorg/springframework/context/annotation/ConfigurationClassParser$SourceClass;Ljava/util/Collection;Ljava/util/function/Predicate;Z)V+8
j  org.springframework.context.annotation.ConfigurationClassParser$DeferredImportSelectorGroupingHandler.lambda$processGroupImports$1(Ljava/util/function/Predicate;Lorg/springframework/context/annotation/DeferredImportSelector$Group$Entry;)V+48
j  org.springframework.context.annotation.ConfigurationClassParser$DeferredImportSelectorGroupingHandler$$Lambda$327+0x0000000800e37870.accept(Ljava/lang/Object;)V+12
j  java.util.ArrayList.forEach(Ljava/util/function/Consumer;)V+46 java.base@17.0.5
j  org.springframework.context.annotation.ConfigurationClassParser$DeferredImportSelectorGroupingHandler.processGroupImports()V+50
j  org.springframework.context.annotation.ConfigurationClassParser$DeferredImportSelectorHandler.process()V+54
j  org.springframework.context.annotation.ConfigurationClassParser.parse(Ljava/util/Set;)V+171
j  org.springframework.context.annotation.ConfigurationClassPostProcessor.processConfigBeanDefinitions(Lorg/springframework/beans/factory/support/BeanDefinitionRegistry;)V+295
j  org.springframework.context.annotation.ConfigurationClassPostProcessor.postProcessBeanDefinitionRegistry(Lorg/springframework/beans/factory/support/BeanDefinitionRegistry;)V+107
j  org.springframework.context.support.PostProcessorRegistrationDelegate.invokeBeanDefinitionRegistryPostProcessors(Ljava/util/Collection;Lorg/springframework/beans/factory/support/BeanDefinitionRegistry;)V+28
j  org.springframework.context.support.PostProcessorRegistrationDelegate.invokeBeanFactoryPostProcessors(Lorg/springframework/beans/factory/config/ConfigurableListableBeanFactory;Ljava/util/List;)V+229
j  org.springframework.context.support.AbstractApplicationContext.invokeBeanFactoryPostProcessors(Lorg/springframework/beans/factory/config/ConfigurableListableBeanFactory;)V+5
j  org.springframework.context.support.AbstractApplicationContext.refresh()V+28
j  org.springframework.boot.web.servlet.context.ServletWebServerApplicationContext.refresh()V+1
j  org.springframework.boot.SpringApplication.refresh(Lorg/springframework/context/ConfigurableApplicationContext;)V+1
j  org.springframework.boot.SpringApplication.refresh(Lorg/springframework/context/ApplicationContext;)V+11
j  org.springframework.boot.SpringApplication.refreshContext(Lorg/springframework/context/ConfigurableApplicationContext;)V+19
j  org.springframework.boot.SpringApplication.run([Ljava/lang/String;)Lorg/springframework/context/ConfigurableApplicationContext;+118
j  org.springframework.boot.SpringApplication.run([Ljava/lang/Class;[Ljava/lang/String;)Lorg/springframework/context/ConfigurableApplicationContext;+9
j  org.springframework.boot.SpringApplication.run(Ljava/lang/Class;[Ljava/lang/String;)Lorg/springframework/context/ConfigurableApplicationContext;+9
j  com.YYT.springbootbookmanager.SpringbootBookManagerApplication.main([Ljava/lang/String;)V+3
v  ~StubRoutines::call_stub

---------------  P R O C E S S  ---------------

Threads class SMR info:
_java_thread_list=0x000001e8669a04b0, length=17, elements={
0x000001e8493b12f0, 0x000001e8641a05f0, 0x000001e8641a11a0, 0x000001e8641bee80,
0x000001e8641bf830, 0x000001e8641c01e0, 0x000001e8641c0b90, 0x000001e8641c3550,
0x000001e8641cf850, 0x000001e864d582a0, 0x000001e86418b190, 0x000001e864dce840,
0x000001e864dcfd60, 0x000001e865097180, 0x000001e865097650, 0x000001e8656b1000,
0x000001e86583fa00
}

Java Threads: ( => current thread )
=>0x000001e8493b12f0 JavaThread "main" [_thread_in_vm, id=6620, stack(0x000000af65900000,0x000000af65a00000)]
  0x000001e8641a05f0 JavaThread "Reference Handler" daemon [_thread_blocked, id=21492, stack(0x000000af66000000,0x000000af66100000)]
  0x000001e8641a11a0 JavaThread "Finalizer" daemon [_thread_blocked, id=1152, stack(0x000000af66100000,0x000000af66200000)]
  0x000001e8641bee80 JavaThread "Signal Dispatcher" daemon [_thread_blocked, id=10772, stack(0x000000af66200000,0x000000af66300000)]
  0x000001e8641bf830 JavaThread "Attach Listener" daemon [_thread_blocked, id=4676, stack(0x000000af66300000,0x000000af66400000)]
  0x000001e8641c01e0 JavaThread "Service Thread" daemon [_thread_blocked, id=16304, stack(0x000000af66400000,0x000000af66500000)]
  0x000001e8641c0b90 JavaThread "Monitor Deflation Thread" daemon [_thread_blocked, id=19760, stack(0x000000af66500000,0x000000af66600000)]
  0x000001e8641c3550 JavaThread "C1 CompilerThread0" daemon [_thread_blocked, id=17988, stack(0x000000af66600000,0x000000af66700000)]
  0x000001e8641cf850 JavaThread "Sweeper thread" daemon [_thread_blocked, id=30164, stack(0x000000af66700000,0x000000af66800000)]
  0x000001e864d582a0 JavaThread "Common-Cleaner" daemon [_thread_blocked, id=25152, stack(0x000000af66800000,0x000000af66900000)]
  0x000001e86418b190 JavaThread "C1 CompilerThread1" daemon [_thread_blocked, id=5668, stack(0x000000af66900000,0x000000af66a00000)]
  0x000001e864dce840 JavaThread "C1 CompilerThread2" daemon [_thread_blocked, id=10680, stack(0x000000af66a00000,0x000000af66b00000)]
  0x000001e864dcfd60 JavaThread "C1 CompilerThread3" daemon [_thread_blocked, id=2596, stack(0x000000af66b00000,0x000000af66c00000)]
  0x000001e865097180 JavaThread "Monitor Ctrl-Break" daemon [_thread_in_native, id=15884, stack(0x000000af66c00000,0x000000af66d00000)]
  0x000001e865097650 JavaThread "Notification Thread" daemon [_thread_blocked, id=14820, stack(0x000000af66d00000,0x000000af66e00000)]
  0x000001e8656b1000 JavaThread "RMI TCP Accept-0" daemon [_thread_in_native, id=31400, stack(0x000000af66e00000,0x000000af66f00000)]
  0x000001e86583fa00 JavaThread "C1 CompilerThread4" daemon [_thread_blocked, id=27140, stack(0x000000af67000000,0x000000af67100000)]

Other Threads:
  0x000001e86419db60 VMThread "VM Thread" [stack: 0x000000af65f00000,0x000000af66000000] [id=22964]
  0x000001e8656a1bb0 WatcherThread [stack: 0x000000af66f00000,0x000000af67000000] [id=15608]
  0x000001e8494317d0 GCTaskThread "GC Thread#0" [stack: 0x000000af65a00000,0x000000af65b00000] [id=30580]
  0x000001e865a10090 GCTaskThread "GC Thread#1" [stack: 0x000000af67100000,0x000000af67200000] [id=20844]
  0x000001e865a110b0 GCTaskThread "GC Thread#2" [stack: 0x000000af67200000,0x000000af67300000] [id=15600]
  0x000001e865a10e00 GCTaskThread "GC Thread#3" [stack: 0x000000af67300000,0x000000af67400000] [id=23444]
  0x000001e865a11360 GCTaskThread "GC Thread#4" [stack: 0x000000af67400000,0x000000af67500000] [id=28464]
  0x000001e865a11610 GCTaskThread "GC Thread#5" [stack: 0x000000af67500000,0x000000af67600000] [id=12508]
  0x000001e865a10b50 GCTaskThread "GC Thread#6" [stack: 0x000000af67600000,0x000000af67700000] [id=21936]
  0x000001e865a10340 GCTaskThread "GC Thread#7" [stack: 0x000000af67700000,0x000000af67800000] [id=17868]
  0x000001e865a118c0 GCTaskThread "GC Thread#8" [stack: 0x000000af67900000,0x000000af67a00000] [id=7772]
  0x000001e865a11b70 GCTaskThread "GC Thread#9" [stack: 0x000000af67a00000,0x000000af67b00000] [id=24676]
  0x000001e84943d670 ConcurrentGCThread "G1 Main Marker" [stack: 0x000000af65b00000,0x000000af65c00000] [id=14096]
  0x000001e84943e820 ConcurrentGCThread "G1 Conc#0" [stack: 0x000000af65c00000,0x000000af65d00000] [id=21144]
  0x000001e864058240 ConcurrentGCThread "G1 Refine#0" [stack: 0x000000af65d00000,0x000000af65e00000] [id=20104]
  0x000001e864059920 ConcurrentGCThread "G1 Service" [stack: 0x000000af65e00000,0x000000af65f00000] [id=11140]

Threads with active compile tasks:

VM state: not at safepoint (normal execution)

VM Mutex/Monitor currently owned by a thread:  ([mutex/lock_event])
[0x000001e84939e0b0] Metaspace_lock - owner thread: 0x000001e8493b12f0

Heap address: 0x00000006a4000000, size: 5568 MB, Compressed Oops mode: Zero based, Oop shift amount: 3

CDS archive(s) mapped at: [0x0000000800000000-0x0000000800bc0000-0x0000000800bc0000), size 12320768, SharedBaseAddress: 0x0000000800000000, ArchiveRelocationMode: 0.
Compressed class space mapped at: 0x0000000800c00000-0x0000000840c00000, reserved size: 1073741824
Narrow klass base: 0x0000000800000000, Narrow klass shift: 0, Narrow klass range: 0x100000000

GC Precious Log:
 CPUs: 16 total, 16 available
 Memory: 22269M
 Large Page Support: Disabled
 NUMA Support: Disabled
 Compressed Oops: Enabled (Zero based)
 Heap Region Size: 4M
 Heap Min Capacity: 8M
 Heap Initial Capacity: 348M
 Heap Max Capacity: 5568M
 Pre-touch: Disabled
 Parallel Workers: 13
 Concurrent Workers: 3
 Concurrent Refinement Workers: 13
 Periodic GC: Disabled

Heap:
 garbage-first heap   total 356352K, used 35947K [0x00000006a4000000, 0x0000000800000000)
  region size 4096K, 10 young (40960K), 1 survivors (4096K)
 Metaspace       used 17014K, committed 17216K, reserved 1064960K
  class space    used 2256K, committed 2368K, reserved 1048576K

Heap Regions: E=young(eden), S=young(survivor), O=old, HS=humongous(starts), HC=humongous(continues), CS=collection set, F=free, OA=open archive, CA=closed archive, TAMS=top-at-mark-start (previous, next)
|   0|0x00000006a4000000, 0x00000006a4400000, 0x00000006a4400000|100%| O|  |TAMS 0x00000006a4000000, 0x00000006a4000000| Untracked 
|   1|0x00000006a4400000, 0x00000006a45c9400, 0x00000006a4800000| 44%| O|  |TAMS 0x00000006a4400000, 0x00000006a4400000| Untracked 
|   2|0x00000006a4800000, 0x00000006a4800000, 0x00000006a4c00000|  0%| F|  |TAMS 0x00000006a4800000, 0x00000006a4800000| Untracked 
|   3|0x00000006a4c00000, 0x00000006a4c00000, 0x00000006a5000000|  0%| F|  |TAMS 0x00000006a4c00000, 0x00000006a4c00000| Untracked 
|   4|0x00000006a5000000, 0x00000006a5000000, 0x00000006a5400000|  0%| F|  |TAMS 0x00000006a5000000, 0x00000006a5000000| Untracked 
|   5|0x00000006a5400000, 0x00000006a5400000, 0x00000006a5800000|  0%| F|  |TAMS 0x00000006a5400000, 0x00000006a5400000| Untracked 
|   6|0x00000006a5800000, 0x00000006a5800000, 0x00000006a5c00000|  0%| F|  |TAMS 0x00000006a5800000, 0x00000006a5800000| Untracked 
|   7|0x00000006a5c00000, 0x00000006a5c00000, 0x00000006a6000000|  0%| F|  |TAMS 0x00000006a5c00000, 0x00000006a5c00000| Untracked 
|   8|0x00000006a6000000, 0x00000006a6000000, 0x00000006a6400000|  0%| F|  |TAMS 0x00000006a6000000, 0x00000006a6000000| Untracked 
|   9|0x00000006a6400000, 0x00000006a6400000, 0x00000006a6800000|  0%| F|  |TAMS 0x00000006a6400000, 0x00000006a6400000| Untracked 
|  10|0x00000006a6800000, 0x00000006a6800000, 0x00000006a6c00000|  0%| F|  |TAMS 0x00000006a6800000, 0x00000006a6800000| Untracked 
|  11|0x00000006a6c00000, 0x00000006a6c00000, 0x00000006a7000000|  0%| F|  |TAMS 0x00000006a6c00000, 0x00000006a6c00000| Untracked 
|  12|0x00000006a7000000, 0x00000006a7000000, 0x00000006a7400000|  0%| F|  |TAMS 0x00000006a7000000, 0x00000006a7000000| Untracked 
|  13|0x00000006a7400000, 0x00000006a7400000, 0x00000006a7800000|  0%| F|  |TAMS 0x00000006a7400000, 0x00000006a7400000| Untracked 
|  14|0x00000006a7800000, 0x00000006a7800000, 0x00000006a7c00000|  0%| F|  |TAMS 0x00000006a7800000, 0x00000006a7800000| Untracked 
|  15|0x00000006a7c00000, 0x00000006a7c00000, 0x00000006a8000000|  0%| F|  |TAMS 0x00000006a7c00000, 0x00000006a7c00000| Untracked 
|  16|0x00000006a8000000, 0x00000006a8000000, 0x00000006a8400000|  0%| F|  |TAMS 0x00000006a8000000, 0x00000006a8000000| Untracked 
|  17|0x00000006a8400000, 0x00000006a8400000, 0x00000006a8800000|  0%| F|  |TAMS 0x00000006a8400000, 0x00000006a8400000| Untracked 
|  18|0x00000006a8800000, 0x00000006a8800000, 0x00000006a8c00000|  0%| F|  |TAMS 0x00000006a8800000, 0x00000006a8800000| Untracked 
|  19|0x00000006a8c00000, 0x00000006a8c00000, 0x00000006a9000000|  0%| F|  |TAMS 0x00000006a8c00000, 0x00000006a8c00000| Untracked 
|  20|0x00000006a9000000, 0x00000006a9000000, 0x00000006a9400000|  0%| F|  |TAMS 0x00000006a9000000, 0x00000006a9000000| Untracked 
|  21|0x00000006a9400000, 0x00000006a9400000, 0x00000006a9800000|  0%| F|  |TAMS 0x00000006a9400000, 0x00000006a9400000| Untracked 
|  22|0x00000006a9800000, 0x00000006a9800000, 0x00000006a9c00000|  0%| F|  |TAMS 0x00000006a9800000, 0x00000006a9800000| Untracked 
|  23|0x00000006a9c00000, 0x00000006a9c00000, 0x00000006aa000000|  0%| F|  |TAMS 0x00000006a9c00000, 0x00000006a9c00000| Untracked 
|  24|0x00000006aa000000, 0x00000006aa000000, 0x00000006aa400000|  0%| F|  |TAMS 0x00000006aa000000, 0x00000006aa000000| Untracked 
|  25|0x00000006aa400000, 0x00000006aa400000, 0x00000006aa800000|  0%| F|  |TAMS 0x00000006aa400000, 0x00000006aa400000| Untracked 
|  26|0x00000006aa800000, 0x00000006aa800000, 0x00000006aac00000|  0%| F|  |TAMS 0x00000006aa800000, 0x00000006aa800000| Untracked 
|  27|0x00000006aac00000, 0x00000006aac00000, 0x00000006ab000000|  0%| F|  |TAMS 0x00000006aac00000, 0x00000006aac00000| Untracked 
|  28|0x00000006ab000000, 0x00000006ab000000, 0x00000006ab400000|  0%| F|  |TAMS 0x00000006ab000000, 0x00000006ab000000| Untracked 
|  29|0x00000006ab400000, 0x00000006ab400000, 0x00000006ab800000|  0%| F|  |TAMS 0x00000006ab400000, 0x00000006ab400000| Untracked 
|  30|0x00000006ab800000, 0x00000006ab800000, 0x00000006abc00000|  0%| F|  |TAMS 0x00000006ab800000, 0x00000006ab800000| Untracked 
|  31|0x00000006abc00000, 0x00000006abc00000, 0x00000006ac000000|  0%| F|  |TAMS 0x00000006abc00000, 0x00000006abc00000| Untracked 
|  32|0x00000006ac000000, 0x00000006ac000000, 0x00000006ac400000|  0%| F|  |TAMS 0x00000006ac000000, 0x00000006ac000000| Untracked 
|  33|0x00000006ac400000, 0x00000006ac400000, 0x00000006ac800000|  0%| F|  |TAMS 0x00000006ac400000, 0x00000006ac400000| Untracked 
|  34|0x00000006ac800000, 0x00000006ac800000, 0x00000006acc00000|  0%| F|  |TAMS 0x00000006ac800000, 0x00000006ac800000| Untracked 
|  35|0x00000006acc00000, 0x00000006acc00000, 0x00000006ad000000|  0%| F|  |TAMS 0x00000006acc00000, 0x00000006acc00000| Untracked 
|  36|0x00000006ad000000, 0x00000006ad000000, 0x00000006ad400000|  0%| F|  |TAMS 0x00000006ad000000, 0x00000006ad000000| Untracked 
|  37|0x00000006ad400000, 0x00000006ad400000, 0x00000006ad800000|  0%| F|  |TAMS 0x00000006ad400000, 0x00000006ad400000| Untracked 
|  38|0x00000006ad800000, 0x00000006ad800000, 0x00000006adc00000|  0%| F|  |TAMS 0x00000006ad800000, 0x00000006ad800000| Untracked 
|  39|0x00000006adc00000, 0x00000006adc00000, 0x00000006ae000000|  0%| F|  |TAMS 0x00000006adc00000, 0x00000006adc00000| Untracked 
|  40|0x00000006ae000000, 0x00000006ae000000, 0x00000006ae400000|  0%| F|  |TAMS 0x00000006ae000000, 0x00000006ae000000| Untracked 
|  41|0x00000006ae400000, 0x00000006ae400000, 0x00000006ae800000|  0%| F|  |TAMS 0x00000006ae400000, 0x00000006ae400000| Untracked 
|  42|0x00000006ae800000, 0x00000006ae800000, 0x00000006aec00000|  0%| F|  |TAMS 0x00000006ae800000, 0x00000006ae800000| Untracked 
|  43|0x00000006aec00000, 0x00000006aec00000, 0x00000006af000000|  0%| F|  |TAMS 0x00000006aec00000, 0x00000006aec00000| Untracked 
|  44|0x00000006af000000, 0x00000006af000000, 0x00000006af400000|  0%| F|  |TAMS 0x00000006af000000, 0x00000006af000000| Untracked 
|  45|0x00000006af400000, 0x00000006af400000, 0x00000006af800000|  0%| F|  |TAMS 0x00000006af400000, 0x00000006af400000| Untracked 
|  46|0x00000006af800000, 0x00000006af800000, 0x00000006afc00000|  0%| F|  |TAMS 0x00000006af800000, 0x00000006af800000| Untracked 
|  47|0x00000006afc00000, 0x00000006afc00000, 0x00000006b0000000|  0%| F|  |TAMS 0x00000006afc00000, 0x00000006afc00000| Untracked 
|  48|0x00000006b0000000, 0x00000006b0000000, 0x00000006b0400000|  0%| F|  |TAMS 0x00000006b0000000, 0x00000006b0000000| Untracked 
|  49|0x00000006b0400000, 0x00000006b0400000, 0x00000006b0800000|  0%| F|  |TAMS 0x00000006b0400000, 0x00000006b0400000| Untracked 
|  50|0x00000006b0800000, 0x00000006b0800000, 0x00000006b0c00000|  0%| F|  |TAMS 0x00000006b0800000, 0x00000006b0800000| Untracked 
|  51|0x00000006b0c00000, 0x00000006b0c00000, 0x00000006b1000000|  0%| F|  |TAMS 0x00000006b0c00000, 0x00000006b0c00000| Untracked 
|  52|0x00000006b1000000, 0x00000006b1000000, 0x00000006b1400000|  0%| F|  |TAMS 0x00000006b1000000, 0x00000006b1000000| Untracked 
|  53|0x00000006b1400000, 0x00000006b1400000, 0x00000006b1800000|  0%| F|  |TAMS 0x00000006b1400000, 0x00000006b1400000| Untracked 
|  54|0x00000006b1800000, 0x00000006b1800000, 0x00000006b1c00000|  0%| F|  |TAMS 0x00000006b1800000, 0x00000006b1800000| Untracked 
|  55|0x00000006b1c00000, 0x00000006b1c00000, 0x00000006b2000000|  0%| F|  |TAMS 0x00000006b1c00000, 0x00000006b1c00000| Untracked 
|  56|0x00000006b2000000, 0x00000006b2000000, 0x00000006b2400000|  0%| F|  |TAMS 0x00000006b2000000, 0x00000006b2000000| Untracked 
|  57|0x00000006b2400000, 0x00000006b2400000, 0x00000006b2800000|  0%| F|  |TAMS 0x00000006b2400000, 0x00000006b2400000| Untracked 
|  58|0x00000006b2800000, 0x00000006b2800000, 0x00000006b2c00000|  0%| F|  |TAMS 0x00000006b2800000, 0x00000006b2800000| Untracked 
|  59|0x00000006b2c00000, 0x00000006b2c00000, 0x00000006b3000000|  0%| F|  |TAMS 0x00000006b2c00000, 0x00000006b2c00000| Untracked 
|  60|0x00000006b3000000, 0x00000006b3000000, 0x00000006b3400000|  0%| F|  |TAMS 0x00000006b3000000, 0x00000006b3000000| Untracked 
|  61|0x00000006b3400000, 0x00000006b3400000, 0x00000006b3800000|  0%| F|  |TAMS 0x00000006b3400000, 0x00000006b3400000| Untracked 
|  62|0x00000006b3800000, 0x00000006b3800000, 0x00000006b3c00000|  0%| F|  |TAMS 0x00000006b3800000, 0x00000006b3800000| Untracked 
|  63|0x00000006b3c00000, 0x00000006b3c00000, 0x00000006b4000000|  0%| F|  |TAMS 0x00000006b3c00000, 0x00000006b3c00000| Untracked 
|  64|0x00000006b4000000, 0x00000006b4000000, 0x00000006b4400000|  0%| F|  |TAMS 0x00000006b4000000, 0x00000006b4000000| Untracked 
|  65|0x00000006b4400000, 0x00000006b4400000, 0x00000006b4800000|  0%| F|  |TAMS 0x00000006b4400000, 0x00000006b4400000| Untracked 
|  66|0x00000006b4800000, 0x00000006b4800000, 0x00000006b4c00000|  0%| F|  |TAMS 0x00000006b4800000, 0x00000006b4800000| Untracked 
|  67|0x00000006b4c00000, 0x00000006b4c00000, 0x00000006b5000000|  0%| F|  |TAMS 0x00000006b4c00000, 0x00000006b4c00000| Untracked 
|  68|0x00000006b5000000, 0x00000006b5000000, 0x00000006b5400000|  0%| F|  |TAMS 0x00000006b5000000, 0x00000006b5000000| Untracked 
|  69|0x00000006b5400000, 0x00000006b5400000, 0x00000006b5800000|  0%| F|  |TAMS 0x00000006b5400000, 0x00000006b5400000| Untracked 
|  70|0x00000006b5800000, 0x00000006b5800000, 0x00000006b5c00000|  0%| F|  |TAMS 0x00000006b5800000, 0x00000006b5800000| Untracked 
|  71|0x00000006b5c00000, 0x00000006b5c00000, 0x00000006b6000000|  0%| F|  |TAMS 0x00000006b5c00000, 0x00000006b5c00000| Untracked 
|  72|0x00000006b6000000, 0x00000006b6000000, 0x00000006b6400000|  0%| F|  |TAMS 0x00000006b6000000, 0x00000006b6000000| Untracked 
|  73|0x00000006b6400000, 0x00000006b6400000, 0x00000006b6800000|  0%| F|  |TAMS 0x00000006b6400000, 0x00000006b6400000| Untracked 
|  74|0x00000006b6800000, 0x00000006b6800000, 0x00000006b6c00000|  0%| F|  |TAMS 0x00000006b6800000, 0x00000006b6800000| Untracked 
|  75|0x00000006b6c00000, 0x00000006b6c00000, 0x00000006b7000000|  0%| F|  |TAMS 0x00000006b6c00000, 0x00000006b6c00000| Untracked 
|  76|0x00000006b7000000, 0x00000006b7000000, 0x00000006b7400000|  0%| F|  |TAMS 0x00000006b7000000, 0x00000006b7000000| Untracked 
|  77|0x00000006b7400000, 0x00000006b74d87e8, 0x00000006b7800000| 21%| E|  |TAMS 0x00000006b7400000, 0x00000006b7400000| Complete 
|  78|0x00000006b7800000, 0x00000006b7c00000, 0x00000006b7c00000|100%| E|CS|TAMS 0x00000006b7800000, 0x00000006b7800000| Complete 
|  79|0x00000006b7c00000, 0x00000006b8000000, 0x00000006b8000000|100%| E|  |TAMS 0x00000006b7c00000, 0x00000006b7c00000| Complete 
|  80|0x00000006b8000000, 0x00000006b8400000, 0x00000006b8400000|100%| E|CS|TAMS 0x00000006b8000000, 0x00000006b8000000| Complete 
|  81|0x00000006b8400000, 0x00000006b8800000, 0x00000006b8800000|100%| E|CS|TAMS 0x00000006b8400000, 0x00000006b8400000| Complete 
|  82|0x00000006b8800000, 0x00000006b8951868, 0x00000006b8c00000| 32%| S|CS|TAMS 0x00000006b8800000, 0x00000006b8800000| Complete 
|  83|0x00000006b8c00000, 0x00000006b9000000, 0x00000006b9000000|100%| E|CS|TAMS 0x00000006b8c00000, 0x00000006b8c00000| Complete 
|  84|0x00000006b9000000, 0x00000006b9400000, 0x00000006b9400000|100%| E|CS|TAMS 0x00000006b9000000, 0x00000006b9000000| Complete 
|  85|0x00000006b9400000, 0x00000006b9800000, 0x00000006b9800000|100%| E|CS|TAMS 0x00000006b9400000, 0x00000006b9400000| Complete 
|  86|0x00000006b9800000, 0x00000006b9c00000, 0x00000006b9c00000|100%| E|CS|TAMS 0x00000006b9800000, 0x00000006b9800000| Complete 

Card table byte_map: [0x000001e854fe0000,0x000001e855ac0000] _byte_map_base: 0x000001e851ac0000

Marking Bits (Prev, Next): (CMBitMap*) 0x000001e849431de0, (CMBitMap*) 0x000001e849431e20
 Prev Bits: [0x000001e8565a0000, 0x000001e85bca0000)
 Next Bits: [0x000001e85bca0000, 0x000001e8613a0000)

Polling page: 0x000001e8473a0000

Metaspace:

Usage:
  Non-class:     14.41 MB used.
      Class:      2.20 MB used.
       Both:     16.62 MB used.

Virtual space:
  Non-class space:       16.00 MB reserved,      14.50 MB ( 91%) committed,  2 nodes.
      Class space:        1.00 GB reserved,       2.31 MB ( <1%) committed,  1 nodes.
             Both:        1.02 GB reserved,      16.81 MB (  2%) committed. 

Chunk freelists:
   Non-Class:  1.08 MB
       Class:  1.48 MB
        Both:  2.56 MB

MaxMetaspaceSize: unlimited
CompressedClassSpaceSize: 1.00 GB
Initial GC threshold: 21.00 MB
Current GC threshold: 21.00 MB
CDS: on
MetaspaceReclaimPolicy: balanced
 - commit_granule_bytes: 65536.
 - commit_granule_words: 8192.
 - virtual_space_node_default_size: 1048576.
 - enlarge_chunks_in_place: 1.
 - new_chunks_are_fully_committed: 0.
 - uncommit_free_chunks: 1.
 - use_allocation_guard: 0.
 - handle_deallocations: 1.


Internal statistics:

num_allocs_failed_limit: 0.
num_arena_births: 206.
num_arena_deaths: 0.
num_vsnodes_births: 3.
num_vsnodes_deaths: 0.
num_space_committed: 269.
num_space_uncommitted: 0.
num_chunks_returned_to_freelist: 0.
num_chunks_taken_from_freelist: 682.
num_chunk_merges: 0.
num_chunk_splits: 484.
num_chunks_enlarged: 392.
num_purges: 0.
num_inconsistent_stats: 0.

CodeCache: size=49152Kb used=6834Kb max_used=6834Kb free=42317Kb
 bounds [0x000001e850ea0000, 0x000001e851550000, 0x000001e853ea0000]
 total_blobs=2739 nmethods=2263 adapters=399
 compilation: enabled
              stopped_count=0, restarted_count=0
 full_count=0

Compilation events (20 events):
Event: 1.003 Thread 0x000001e864dce840 nmethod 2253 0x000001e851548b90 code [0x000001e851548d20, 0x000001e851548df8]
Event: 1.003 Thread 0x000001e86583fa00 nmethod 2254 0x000001e851548e90 code [0x000001e851549020, 0x000001e8515490f8]
Event: 1.003 Thread 0x000001e86418b190 nmethod 2255 0x000001e851549190 code [0x000001e851549320, 0x000001e8515493f8]
Event: 1.003 Thread 0x000001e86583fa00 2256       1       ch.qos.logback.classic.selector.DefaultContextSelector::getDefaultLoggerContext (5 bytes)
Event: 1.003 Thread 0x000001e864dce840 2257       1       org.springframework.core.OrderComparator::getOrder (111 bytes)
Event: 1.003 Thread 0x000001e86583fa00 nmethod 2256 0x000001e851549490 code [0x000001e851549620, 0x000001e8515496f8]
Event: 1.003 Thread 0x000001e8641c3550 nmethod 2250 0x000001e851549790 code [0x000001e8515499e0, 0x000001e85154a698]
Event: 1.003 Thread 0x000001e86583fa00 2258       1       org.springframework.core.OrderComparator::getOrder (22 bytes)
Event: 1.003 Thread 0x000001e86418b190 2259       1       org.springframework.core.OrderComparator::findOrder (24 bytes)
Event: 1.003 Thread 0x000001e86583fa00 nmethod 2258 0x000001e85154ac10 code [0x000001e85154adc0, 0x000001e85154aee8]
Event: 1.003 Thread 0x000001e8641c3550 2260       1       jdk.internal.reflect.DelegatingMethodAccessorImpl::invoke (10 bytes)
Event: 1.003 Thread 0x000001e86418b190 nmethod 2259 0x000001e85154af90 code [0x000001e85154b140, 0x000001e85154b3c8]
Event: 1.003 Thread 0x000001e86418b190 2261       1       java.util.stream.StreamSupport::stream (19 bytes)
Event: 1.004 Thread 0x000001e864dcfd60 2262       1       java.util.stream.ReferencePipeline$Head::<init> (8 bytes)
Event: 1.004 Thread 0x000001e86583fa00 2263       1       java.util.stream.ReferencePipeline::<init> (8 bytes)
Event: 1.004 Thread 0x000001e8641c3550 nmethod 2260 0x000001e85154b510 code [0x000001e85154b6a0, 0x000001e85154b788]
Event: 1.004 Thread 0x000001e864dce840 nmethod 2257 0x000001e85154b810 code [0x000001e85154ba00, 0x000001e85154bd38]
Event: 1.004 Thread 0x000001e864dcfd60 nmethod 2262 0x000001e85154bf90 code [0x000001e85154c120, 0x000001e85154c208]
Event: 1.004 Thread 0x000001e86583fa00 nmethod 2263 0x000001e85154c290 code [0x000001e85154c420, 0x000001e85154c508]
Event: 1.004 Thread 0x000001e86418b190 nmethod 2261 0x000001e85154c590 code [0x000001e85154c740, 0x000001e85154c968]

GC Heap History (4 events):
Event: 0.536 GC heap before
{Heap before GC invocations=0 (full 0):
 garbage-first heap   total 356352K, used 20480K [0x00000006a4000000, 0x0000000800000000)
  region size 4096K, 5 young (20480K), 0 survivors (0K)
 Metaspace       used 6871K, committed 6976K, reserved 1056768K
  class space    used 856K, committed 896K, reserved 1048576K
}
Event: 0.539 GC heap after
{Heap after GC invocations=1 (full 0):
 garbage-first heap   total 356352K, used 5804K [0x00000006a4000000, 0x0000000800000000)
  region size 4096K, 1 young (4096K), 1 survivors (4096K)
 Metaspace       used 6871K, committed 6976K, reserved 1056768K
  class space    used 856K, committed 896K, reserved 1048576K
}
Event: 0.732 GC heap before
{Heap before GC invocations=1 (full 0):
 garbage-first heap   total 356352K, used 22188K [0x00000006a4000000, 0x0000000800000000)
  region size 4096K, 5 young (20480K), 1 survivors (4096K)
 Metaspace       used 10819K, committed 11136K, reserved 1064960K
  class space    used 1462K, committed 1600K, reserved 1048576K
}
Event: 0.734 GC heap after
{Heap after GC invocations=2 (full 0):
 garbage-first heap   total 356352K, used 7275K [0x00000006a4000000, 0x0000000800000000)
  region size 4096K, 1 young (4096K), 1 survivors (4096K)
 Metaspace       used 10819K, committed 11136K, reserved 1064960K
  class space    used 1462K, committed 1600K, reserved 1048576K
}

Dll operation events (12 events):
Event: 0.012 Loaded shared library C:\Users\14361\.jdks\corretto-17.0.5\bin\java.dll
Event: 0.019 Loaded shared library C:\Users\14361\.jdks\corretto-17.0.5\bin\jsvml.dll
Event: 0.101 Loaded shared library C:\Users\14361\.jdks\corretto-17.0.5\bin\zip.dll
Event: 0.105 Loaded shared library C:\Users\14361\.jdks\corretto-17.0.5\bin\instrument.dll
Event: 0.110 Loaded shared library C:\Users\14361\.jdks\corretto-17.0.5\bin\net.dll
Event: 0.113 Loaded shared library C:\Users\14361\.jdks\corretto-17.0.5\bin\nio.dll
Event: 0.117 Loaded shared library C:\Users\14361\.jdks\corretto-17.0.5\bin\zip.dll
Event: 0.150 Loaded shared library D:\tools\JetBrains\Toolbox\apps\IDEA-U\ch-0\223.8617.56\bin\breakgen64.dll
Event: 0.154 Loaded shared library C:\Users\14361\.jdks\corretto-17.0.5\bin\jimage.dll
Event: 0.171 Loaded shared library C:\Users\14361\.jdks\corretto-17.0.5\bin\management.dll
Event: 0.178 Loaded shared library C:\Users\14361\.jdks\corretto-17.0.5\bin\management_ext.dll
Event: 0.389 Loaded shared library C:\Users\14361\.jdks\corretto-17.0.5\bin\verify.dll

Deoptimization events (2 events):
Event: 0.793 Thread 0x000001e8493b12f0 DEOPT PACKING pc=0x000001e8514846f9 sp=0x000000af659fd650
Event: 0.793 Thread 0x000001e8493b12f0 DEOPT UNPACKING pc=0x000001e850ef2b43 sp=0x000000af659fcb30 mode 3

Classes unloaded (0 events):
No events

Classes redefined (0 events):
No events

Internal exceptions (20 events):
Event: 0.838 Thread 0x000001e8493b12f0 Exception <a 'java/lang/ClassNotFoundException'{0x00000006b86c6750}: java/lang/ObjectCustomizer> (0x00000006b86c6750) 
thrown [s\src\hotspot\share\classfile\systemDictionary.cpp, line 256]
Event: 0.839 Thread 0x000001e865a8b040 Exception <a 'java/lang/NoSuchMethodError'{0x00000006b8792de0}: 'long java.lang.invoke.DirectMethodHandle$Holder.invokeInterface(java.lang.Object, java.lang.Object)'> (0x00000006b8792de0) 
thrown [s\src\hotspot\share\interpreter\linkResolver.cpp, line 759]
Event: 0.839 Thread 0x000001e865a8b040 Exception <a 'java/lang/IncompatibleClassChangeError'{0x00000006b8796370}: Found class java.lang.Object, but interface was expected> (0x00000006b8796370) 
thrown [s\src\hotspot\share\interpreter\linkResolver.cpp, line 826]
Event: 0.840 Thread 0x000001e8493b12f0 Exception <a 'java/lang/NoSuchMethodError'{0x00000006b86cb848}: 'java.lang.Object java.lang.invoke.DirectMethodHandle$Holder.invokeInterface(java.lang.Object, java.lang.Object)'> (0x00000006b86cb848) 
thrown [s\src\hotspot\share\interpreter\linkResolver.cpp, line 759]
Event: 0.840 Thread 0x000001e8493b12f0 Exception <a 'java/lang/IncompatibleClassChangeError'{0x00000006b86cf040}: Found class java.lang.Object, but interface was expected> (0x00000006b86cf040) 
thrown [s\src\hotspot\share\interpreter\linkResolver.cpp, line 826]
Event: 0.842 Thread 0x000001e8493b12f0 Exception <a 'java/lang/ClassNotFoundException'{0x00000006b86e20c0}: org/springframework/context/annotation/ConfigurationClassPostProcessorCustomizer> (0x00000006b86e20c0) 
thrown [s\src\hotspot\share\classfile\systemDictionary.cpp, line 256]
Event: 0.844 Thread 0x000001e865a8b040 Exception <a 'java/lang/NoSuchMethodError'{0x00000006b87fb348}: 'java.lang.Object java.lang.invoke.DirectMethodHandle$Holder.invokeVirtual(java.lang.Object, java.lang.Object, java.lang.Object, java.lang.Object)'> (0x00000006b87fb348) 
thrown [s\src\hotspot\share\interpreter\linkResolver.cpp, line 759]
Event: 0.846 Thread 0x000001e8493b12f0 Exception <a 'java/lang/ClassNotFoundException'{0x00000006b8730a60}: org/springframework/beans/factory/support/BeanDefinitionRegistryPostProcessorCustomizer> (0x00000006b8730a60) 
thrown [s\src\hotspot\share\classfile\systemDictionary.cpp, line 256]
Event: 0.846 Thread 0x000001e8493b12f0 Exception <a 'java/lang/ClassNotFoundException'{0x00000006b87351d0}: org/springframework/beans/factory/config/BeanFactoryPostProcessorCustomizer> (0x00000006b87351d0) 
thrown [s\src\hotspot\share\classfile\systemDictionary.cpp, line 256]
Event: 0.847 Thread 0x000001e8493b12f0 Exception <a 'java/lang/ClassNotFoundException'{0x00000006b802d210}: org/springframework/core/PriorityOrderedCustomizer> (0x00000006b802d210) 
thrown [s\src\hotspot\share\classfile\systemDictionary.cpp, line 256]
Event: 0.847 Thread 0x000001e8493b12f0 Exception <a 'java/lang/ClassNotFoundException'{0x00000006b8030600}: org/springframework/core/OrderedCustomizer> (0x00000006b8030600) 
thrown [s\src\hotspot\share\classfile\systemDictionary.cpp, line 256]
Event: 0.847 Thread 0x000001e8493b12f0 Exception <a 'java/lang/ClassNotFoundException'{0x00000006b8034ae8}: org/springframework/context/ResourceLoaderAwareCustomizer> (0x00000006b8034ae8) 
thrown [s\src\hotspot\share\classfile\systemDictionary.cpp, line 256]
Event: 0.847 Thread 0x000001e8493b12f0 Exception <a 'java/lang/ClassNotFoundException'{0x00000006b80391d8}: org/springframework/beans/factory/AwareCustomizer> (0x00000006b80391d8) 
thrown [s\src\hotspot\share\classfile\systemDictionary.cpp, line 256]
Event: 0.848 Thread 0x000001e8493b12f0 Exception <a 'java/lang/ClassNotFoundException'{0x00000006b803c868}: org/springframework/beans/factory/BeanClassLoaderAwareCustomizer> (0x00000006b803c868) 
thrown [s\src\hotspot\share\classfile\systemDictionary.cpp, line 256]
Event: 0.848 Thread 0x000001e8493b12f0 Exception <a 'java/lang/ClassNotFoundException'{0x00000006b8040f40}: org/springframework/beans/factory/AwareCustomizer> (0x00000006b8040f40) 
thrown [s\src\hotspot\share\classfile\systemDictionary.cpp, line 256]
Event: 0.848 Thread 0x000001e8493b12f0 Exception <a 'java/lang/ClassNotFoundException'{0x00000006b80443c0}: org/springframework/context/EnvironmentAwareCustomizer> (0x00000006b80443c0) 
thrown [s\src\hotspot\share\classfile\systemDictionary.cpp, line 256]
Event: 0.848 Thread 0x000001e8493b12f0 Exception <a 'java/lang/ClassNotFoundException'{0x00000006b8048a08}: org/springframework/beans/factory/AwareCustomizer> (0x00000006b8048a08) 
thrown [s\src\hotspot\share\classfile\systemDictionary.cpp, line 256]
Event: 0.933 Thread 0x000001e8493b12f0 Exception <a 'java/lang/NoSuchMethodError'{0x00000006b7d23e68}: 'int java.lang.invoke.DirectMethodHandle$Holder.invokeSpecialIFC(java.lang.Object, java.lang.Object, java.lang.Object, java.lang.Object)'> (0x00000006b7d23e68) 
thrown [s\src\hotspot\share\interpreter\linkResolver.cpp, line 759]
Event: 0.968 Thread 0x000001e8493b12f0 Exception <a 'java/lang/IncompatibleClassChangeError'{0x00000006b794ad78}: Found class java.lang.Object, but interface was expected> (0x00000006b794ad78) 
thrown [s\src\hotspot\share\interpreter\linkResolver.cpp, line 826]
Event: 0.984 Thread 0x000001e8493b12f0 Exception <a 'java/lang/NoSuchMethodError'{0x00000006b7abd2b0}: 'void java.lang.invoke.DirectMethodHandle$Holder.invokeInterface(java.lang.Object, java.lang.Object, java.lang.Object, java.lang.Object)'> (0x00000006b7abd2b0) 
thrown [s\src\hotspot\share\interpreter\linkResolver.cpp, line 759]

VM Operations (20 events):
Event: 0.255 Executing VM operation: HandshakeAllThreads
Event: 0.255 Executing VM operation: HandshakeAllThreads done
Event: 0.363 Executing VM operation: HandshakeAllThreads
Event: 0.363 Executing VM operation: HandshakeAllThreads done
Event: 0.459 Executing VM operation: HandshakeAllThreads
Event: 0.459 Executing VM operation: HandshakeAllThreads done
Event: 0.531 Executing VM operation: HandshakeAllThreads
Event: 0.531 Executing VM operation: HandshakeAllThreads done
Event: 0.536 Executing VM operation: G1CollectForAllocation
Event: 0.539 Executing VM operation: G1CollectForAllocation done
Event: 0.705 Executing VM operation: HandshakeAllThreads
Event: 0.705 Executing VM operation: HandshakeAllThreads done
Event: 0.731 Executing VM operation: G1CollectForAllocation
Event: 0.734 Executing VM operation: G1CollectForAllocation done
Event: 0.822 Executing VM operation: HandshakeAllThreads
Event: 0.822 Executing VM operation: HandshakeAllThreads done
Event: 0.841 Executing VM operation: HandshakeAllThreads
Event: 0.841 Executing VM operation: HandshakeAllThreads done
Event: 0.857 Executing VM operation: HandshakeAllThreads
Event: 0.857 Executing VM operation: HandshakeAllThreads done

Events (20 events):
Event: 0.841 loading class com/sun/beans/introspect/PropertyInfo$Name done
Event: 0.842 loading class java/beans/GenericBeanInfo
Event: 0.842 loading class java/beans/SimpleBeanInfo
Event: 0.842 loading class java/beans/SimpleBeanInfo done
Event: 0.842 loading class java/beans/GenericBeanInfo done
Event: 0.842 loading class java/util/Hashtable$EntrySet
Event: 0.842 loading class java/util/Hashtable$EntrySet done
Event: 0.846 Thread 0x000001e865a8b040 Thread exited: 0x000001e865a8b040
Event: 0.855 loading class java/net/SocketException
Event: 0.855 loading class java/net/SocketException done
Event: 0.865 loading class java/util/regex/Pattern$LazyLoop
Event: 0.865 loading class java/util/regex/Pattern$LazyLoop done
Event: 0.865 loading class java/util/regex/Pattern$SliceS
Event: 0.865 loading class java/util/regex/Pattern$SliceS done
Event: 0.946 Thread 0x000001e866965430 Thread added: 0x000001e866965430
Event: 0.951 loading class javax/naming/ldap/LdapContext
Event: 0.952 loading class javax/naming/directory/DirContext
Event: 0.952 loading class javax/naming/directory/DirContext done
Event: 0.952 loading class javax/naming/ldap/LdapContext done
Event: 0.960 Thread 0x000001e866965430 Thread exited: 0x000001e866965430


Dynamic libraries:
0x00007ff67e9c0000 - 0x00007ff67e9cd000 	C:\Users\14361\.jdks\corretto-17.0.5\bin\java.exe
0x00007ff8d7f90000 - 0x00007ff8d81a4000 	C:\WINDOWS\SYSTEM32\ntdll.dll
0x00007ff8d69e0000 - 0x00007ff8d6aa3000 	C:\WINDOWS\System32\KERNEL32.DLL
0x00007ff8d57f0000 - 0x00007ff8d5b8c000 	C:\WINDOWS\System32\KERNELBASE.dll
0x00007ff8d55b0000 - 0x00007ff8d56c1000 	C:\WINDOWS\System32\ucrtbase.dll
0x00007ff871a20000 - 0x00007ff871a37000 	C:\Users\14361\.jdks\corretto-17.0.5\bin\jli.dll
0x00007ff871d60000 - 0x00007ff871d75000 	C:\Users\14361\.jdks\corretto-17.0.5\bin\VCRUNTIME140.dll
0x00007ff8d6780000 - 0x00007ff8d692d000 	C:\WINDOWS\System32\USER32.dll
0x00007ff8d5c30000 - 0x00007ff8d5c56000 	C:\WINDOWS\System32\win32u.dll
0x00007ff8d6750000 - 0x00007ff8d6779000 	C:\WINDOWS\System32\GDI32.dll
0x00007ff8bef30000 - 0x00007ff8bf1be000 	C:\WINDOWS\WinSxS\amd64_microsoft.windows.common-controls_6595b64144ccf1df_6.0.22621.436_none_a94247dbc10d8414\COMCTL32.dll
0x00007ff8d56d0000 - 0x00007ff8d57e3000 	C:\WINDOWS\System32\gdi32full.dll
0x00007ff8d6930000 - 0x00007ff8d69d7000 	C:\WINDOWS\System32\msvcrt.dll
0x00007ff8d5b90000 - 0x00007ff8d5c2a000 	C:\WINDOWS\System32\msvcp_win.dll
0x00007ff8d7aa0000 - 0x00007ff8d7ad1000 	C:\WINDOWS\System32\IMM32.DLL
0x00007ff83f3e0000 - 0x00007ff83f47b000 	C:\Users\14361\.jdks\corretto-17.0.5\bin\msvcp140.dll
0x00007ff83a070000 - 0x00007ff83ac84000 	C:\Users\14361\.jdks\corretto-17.0.5\bin\server\jvm.dll
0x00007ff8d6bb0000 - 0x00007ff8d6c5e000 	C:\WINDOWS\System32\ADVAPI32.dll
0x00007ff8d7d10000 - 0x00007ff8d7db4000 	C:\WINDOWS\System32\sechost.dll
0x00007ff8d7320000 - 0x00007ff8d7435000 	C:\WINDOWS\System32\RPCRT4.dll
0x00007ff8b45a0000 - 0x00007ff8b45a9000 	C:\WINDOWS\SYSTEM32\WSOCK32.dll
0x00007ff8cafb0000 - 0x00007ff8cafe4000 	C:\WINDOWS\SYSTEM32\WINMM.dll
0x00007ff8cda60000 - 0x00007ff8cda6a000 	C:\WINDOWS\SYSTEM32\VERSION.dll
0x00007ff8d7df0000 - 0x00007ff8d7e61000 	C:\WINDOWS\System32\WS2_32.dll
0x00007ff8d43e0000 - 0x00007ff8d43f8000 	C:\WINDOWS\SYSTEM32\kernel.appcore.dll
0x00007ff8bdd90000 - 0x00007ff8bdd9a000 	C:\Users\14361\.jdks\corretto-17.0.5\bin\jimage.dll
0x00007ff8c42a0000 - 0x00007ff8c44ce000 	C:\WINDOWS\SYSTEM32\DBGHELP.DLL
0x00007ff8d6f10000 - 0x00007ff8d7299000 	C:\WINDOWS\System32\combase.dll
0x00007ff8d7e70000 - 0x00007ff8d7f47000 	C:\WINDOWS\System32\OLEAUT32.dll
0x00007ff8c0480000 - 0x00007ff8c04b2000 	C:\WINDOWS\SYSTEM32\dbgcore.DLL
0x00007ff8d5c60000 - 0x00007ff8d5cdb000 	C:\WINDOWS\System32\bcryptPrimitives.dll
0x00007ff8d2a80000 - 0x00007ff8d2a8e000 	C:\Users\14361\.jdks\corretto-17.0.5\bin\instrument.dll
0x00007ff870330000 - 0x00007ff870355000 	C:\Users\14361\.jdks\corretto-17.0.5\bin\java.dll
0x00007ff83efd0000 - 0x00007ff83f0a6000 	C:\Users\14361\.jdks\corretto-17.0.5\bin\jsvml.dll
0x00007ff8d5f60000 - 0x00007ff8d6750000 	C:\WINDOWS\System32\SHELL32.dll
0x00007ff8d3390000 - 0x00007ff8d3c5d000 	C:\WINDOWS\SYSTEM32\windows.storage.dll
0x00007ff8d3250000 - 0x00007ff8d338e000 	C:\WINDOWS\SYSTEM32\wintypes.dll
0x00007ff8d6d90000 - 0x00007ff8d6e81000 	C:\WINDOWS\System32\SHCORE.dll
0x00007ff8d5ea0000 - 0x00007ff8d5efe000 	C:\WINDOWS\System32\shlwapi.dll
0x00007ff8d5300000 - 0x00007ff8d5321000 	C:\WINDOWS\SYSTEM32\profapi.dll
0x00007ff83f3c0000 - 0x00007ff83f3d8000 	C:\Users\14361\.jdks\corretto-17.0.5\bin\zip.dll
0x00007ff870310000 - 0x00007ff870329000 	C:\Users\14361\.jdks\corretto-17.0.5\bin\net.dll
0x00007ff8cae10000 - 0x00007ff8caf3f000 	C:\WINDOWS\SYSTEM32\WINHTTP.dll
0x00007ff8d4840000 - 0x00007ff8d48a9000 	C:\WINDOWS\system32\mswsock.dll
0x00007ff86ff60000 - 0x00007ff86ff75000 	C:\Users\14361\.jdks\corretto-17.0.5\bin\nio.dll
0x00007ff8d2210000 - 0x00007ff8d222a000 	D:\tools\JetBrains\Toolbox\apps\IDEA-U\ch-0\223.8617.56\bin\breakgen64.dll
0x00007ff8d3ee0000 - 0x00007ff8d3fd3000 	C:\WINDOWS\SYSTEM32\DNSAPI.dll
0x00007ff8d3eb0000 - 0x00007ff8d3edd000 	C:\WINDOWS\SYSTEM32\IPHLPAPI.DLL
0x00007ff8d7a90000 - 0x00007ff8d7a99000 	C:\WINDOWS\System32\NSI.dll
0x00007ff8bc570000 - 0x00007ff8bc58f000 	C:\WINDOWS\system32\wlidnsp.dll
0x000000006f080000 - 0x000000006f0a6000 	C:\Program Files\Bonjour\mdnsNSP.dll
0x00007ff8bc590000 - 0x00007ff8bc59a000 	C:\Windows\System32\rasadhlp.dll
0x00007ff8c6d20000 - 0x00007ff8c6da3000 	C:\WINDOWS\System32\fwpuclnt.dll
0x00007ff8d2890000 - 0x00007ff8d2899000 	C:\Users\14361\.jdks\corretto-17.0.5\bin\management.dll
0x00007ff8d2860000 - 0x00007ff8d286b000 	C:\Users\14361\.jdks\corretto-17.0.5\bin\management_ext.dll
0x00007ff8d7a80000 - 0x00007ff8d7a88000 	C:\WINDOWS\System32\PSAPI.DLL
0x00007ff8d4bd0000 - 0x00007ff8d4beb000 	C:\WINDOWS\SYSTEM32\CRYPTSP.dll
0x00007ff8d4350000 - 0x00007ff8d4385000 	C:\WINDOWS\system32\rsaenh.dll
0x00007ff8d48e0000 - 0x00007ff8d4908000 	C:\WINDOWS\SYSTEM32\USERENV.dll
0x00007ff8d4d30000 - 0x00007ff8d4d58000 	C:\WINDOWS\SYSTEM32\bcrypt.dll
0x00007ff8d4a40000 - 0x00007ff8d4a4c000 	C:\WINDOWS\SYSTEM32\CRYPTBASE.dll
0x00007ff8caf90000 - 0x00007ff8cafa9000 	C:\WINDOWS\SYSTEM32\dhcpcsvc6.DLL
0x00007ff8caf70000 - 0x00007ff8caf8f000 	C:\WINDOWS\SYSTEM32\dhcpcsvc.DLL
0x00007ff8b43f0000 - 0x00007ff8b4407000 	C:\WINDOWS\system32\napinsp.dll
0x00007ff8afeb0000 - 0x00007ff8afecb000 	C:\WINDOWS\system32\pnrpnsp.dll
0x00007ff8af950000 - 0x00007ff8af961000 	C:\WINDOWS\System32\winrnr.dll
0x00007ff8c6c50000 - 0x00007ff8c6c65000 	C:\WINDOWS\system32\wshbth.dll
0x00007ff8af920000 - 0x00007ff8af941000 	C:\WINDOWS\system32\nlansp_c.dll
0x00007ff8c8310000 - 0x00007ff8c8320000 	C:\Users\14361\.jdks\corretto-17.0.5\bin\verify.dll

dbghelp: loaded successfully - version: 4.0.5 - missing functions: none
symbol engine: initialized successfully - sym options: 0x614 - pdb path: .;C:\Users\14361\.jdks\corretto-17.0.5\bin;C:\WINDOWS\SYSTEM32;C:\WINDOWS\WinSxS\amd64_microsoft.windows.common-controls_6595b64144ccf1df_6.0.22621.436_none_a94247dbc10d8414;C:\Users\14361\.jdks\corretto-17.0.5\bin\server;D:\tools\JetBrains\Toolbox\apps\IDEA-U\ch-0\223.8617.56\bin;C:\Program Files\Bonjour

VM Arguments:
jvm_args: -XX:TieredStopAtLevel=1 -Dspring.devtools.restart.trigger-file=.restartTriggerFile -Dspring.output.ansi.enabled=always -Dcom.sun.management.jmxremote -Dspring.jmx.enabled=true -Dspring.liveBeansView.mbeanDomain -Dspring.application.admin.enabled=true -Dmanagement.endpoints.jmx.exposure.include=* -javaagent:D:\tools\JetBrains\Toolbox\apps\IDEA-U\ch-0\223.8617.56\lib\idea_rt.jar=62980:D:\tools\JetBrains\Toolbox\apps\IDEA-U\ch-0\223.8617.56\bin -Dfile.encoding=UTF-8 
java_command: com.YYT.springbootbookmanager.SpringbootBookManagerApplication
java_class_path (initial): F:\BaiduNetdiskDownload\2-\2-\SpringbootBookManager\target\classes;D:\maven\LocalWareHouse\cn\hutool\hutool-all\5.8.10\hutool-all-5.8.10.jar;D:\maven\LocalWareHouse\org\springframework\boot\spring-boot-starter-thymeleaf\2.3.7.RELEASE\spring-boot-starter-thymeleaf-2.3.7.RELEASE.jar;D:\maven\LocalWareHouse\org\springframework\boot\spring-boot-starter\2.3.7.RELEASE\spring-boot-starter-2.3.7.RELEASE.jar;D:\maven\LocalWareHouse\org\springframework\boot\spring-boot\2.3.7.RELEASE\spring-boot-2.3.7.RELEASE.jar;D:\maven\LocalWareHouse\org\springframework\boot\spring-boot-starter-logging\2.3.7.RELEASE\spring-boot-starter-logging-2.3.7.RELEASE.jar;D:\maven\LocalWareHouse\ch\qos\logback\logback-classic\1.2.3\logback-classic-1.2.3.jar;D:\maven\LocalWareHouse\ch\qos\logback\logback-core\1.2.3\logback-core-1.2.3.jar;D:\maven\LocalWareHouse\org\apache\logging\log4j\log4j-to-slf4j\2.13.3\log4j-to-slf4j-2.13.3.jar;D:\maven\LocalWareHouse\org\apache\logging\log4j\log4j-api\2.13.3\log4j-api-2.13.3.jar;D:\maven\LocalWareHouse\org\slf4j\jul-to-slf4j\1.7.30\jul-to-slf4j-1.7.30.jar;D:\maven\LocalWareHouse\jakarta\annotation\jakarta.annotation-api\1.3.5\jakarta.annotation-api-1.3.5.jar;D:\maven\LocalWareHouse\org\yaml\snakeyaml\1.26\snakeyaml-1.26.jar;D:\maven\LocalWareHouse\org\thymeleaf\thymeleaf-spring5\3.0.11.RELEASE\thymeleaf-spring5-3.0.11.RELEASE.jar;D:\maven\LocalWareHouse\org\springframework\boot\spring-boot-starter-web\2.3.7.RELEASE\spring-boot-starter-web-2.3.7.RELEASE.jar;D:\maven\LocalWareHouse\org\springframework\boot\spring-boot-starter-json\2.3.7.RELEASE\spring-boot-starter-json-2.3.7.RELEASE.jar;D:\maven\LocalWareHouse\com\fasterxml\jackson\core\jackson-databind\2.11.3\jackson-databind-2.11.3.jar;D:\maven\LocalWareHouse\com\fasterxml\jackson\core\jackson-annotations\2.11.3\jackson-annotations-2.11.3.jar;D:\maven\LocalWareHouse\com\fasterxml\jackson\core\jackson-core\2.11.3\jackson-core-2.11.3.jar;D:\maven\LocalWareHouse\com\fasterxml
Launcher Type: SUN_STANDARD

[Global flags]
     intx CICompilerCount                          = 12                                        {product} {ergonomic}
     uint ConcGCThreads                            = 3                                         {product} {ergonomic}
     uint G1ConcRefinementThreads                  = 13                                        {product} {ergonomic}
   size_t G1HeapRegionSize                         = 4194304                                   {product} {ergonomic}
    uintx GCDrainStackTargetSize                   = 64                                        {product} {ergonomic}
   size_t InitialHeapSize                          = 364904448                                 {product} {ergonomic}
     bool ManagementServer                         = true                                      {product} {command line}
   size_t MarkStackSize                            = 4194304                                   {product} {ergonomic}
   size_t MaxHeapSize                              = 5838471168                                {product} {ergonomic}
   size_t MaxNewSize                               = 3502243840                                {product} {ergonomic}
   size_t MinHeapDeltaBytes                        = 4194304                                   {product} {ergonomic}
   size_t MinHeapSize                              = 8388608                                   {product} {ergonomic}
    uintx NonProfiledCodeHeapSize                  = 0                                      {pd product} {ergonomic}
     bool ProfileInterpreter                       = false                                  {pd product} {command line}
    uintx ProfiledCodeHeapSize                     = 0                                      {pd product} {ergonomic}
   size_t SoftMaxHeapSize                          = 5838471168                             {manageable} {ergonomic}
     intx TieredStopAtLevel                        = 1                                         {product} {command line}
     bool UseCompressedClassPointers               = true                           {product lp64_product} {ergonomic}
     bool UseCompressedOops                        = true                           {product lp64_product} {ergonomic}
     bool UseG1GC                                  = true                                      {product} {ergonomic}
     bool UseLargePagesIndividualAllocation        = false                                  {pd product} {ergonomic}

Logging:
Log output configuration:
 #0: stdout all=warning uptime,level,tags
 #1: stderr all=off uptime,level,tags

Environment Variables:
PATH=C:\Program Files\Java\jdk-11.0.6\bin;C:\Program Files (x86)\VMware\VMware Workstation\bin\;D:\Oculus\Support\oculus-runtime;C:\Program Files (x86)\Common Files\Intel\Shared Libraries\redist\intel64\compiler;C:\Windows\system32;C:\Windows;C:\Windows\System32\Wbem;C:\Windows\System32\WindowsPowerShell\v1.0\;C:\Windows\System32\OpenSSH\;C:\Program Files (x86)\NVIDIA Corporation\PhysX\Common;C:\WINDOWS\system32;C:\WINDOWS;C:\WINDOWS\System32\Wbem;C:\WINDOWS\System32\WindowsPowerShell\v1.0\;C:\WINDOWS\System32\OpenSSH\;C:\Program Files\Pandoc\;C:\Program Files\PuTTY\;C:\Program Files\dotnet\;C:\Program Files\Git\cmd;C:\Program Files\Bandizip\Bandizip;C:\Program Files\Java\jdk1.8.0_333\jre;C:\Program Files\Docker\Docker\resources\bin;C:\ProgramData\DockerDesktop\version-bin;C:\Program Files\NVIDIA Corporation\NVIDIA NvDLISR;C:\WINDOWS\system32;C:\WINDOWS;C:\WINDOWS\System32\Wbem;C:\WINDOWS\System32\WindowsPowerShell\v1.0\;C:\WINDOWS\System32\OpenSSH\;D:\Program Files\nodejs\;C:\Program Files\usbipd-win\;C:\Users\14361\AppData\Local\Programs\Python\Python310\Scripts\;C:\Users\14361\AppData\Local\Programs\Python\Python310\;C:\Users\14361\AppData\Local\Microsoft\WindowsApps;D:\Users\14361\AppData\Local\Programs\Microsoft VS Code\bin;D:\Program Files\JetBrains\IntelliJ IDEA 2022.1\bin;C:\Users\14361\AppData\Local\JetBrains\Toolbox\scripts;;C:\Users\14361\AppData\Local\Microsoft\WindowsApps;C:\Users\14361\AppData\Roaming\npm;C:\Users\14361\AppData\Local\Pandoc\
USERNAME=14361
OS=Windows_NT
PROCESSOR_IDENTIFIER=AMD64 Family 25 Model 68 Stepping 1, AuthenticAMD
TMP=C:\Users\14361\AppData\Local\Temp
TEMP=C:\Users\14361\AppData\Local\Temp



---------------  S Y S T E M  ---------------

OS:
 Windows 11 , 64 bit Build 22621 (10.0.22621.1325)
OS uptime: 0 days 6:20 hours
Hyper-V role detected

CPU: total 16 (initial active 16) (16 cores per cpu, 2 threads per core) family 25 model 68 stepping 1 microcode 0x0, cx8, cmov, fxsr, ht, mmx, 3dnowpref, sse, sse2, sse3, ssse3, sse4a, sse4.1, sse4.2, popcnt, lzcnt, tsc, tscinvbit, avx, avx2, aes, clmul, bmi1, bmi2, adx, sha, fma, vzeroupper, clflush, clflushopt, hv

Memory: 4k page, system-wide physical 22269M (7063M free)
TotalPageFile size 22269M (AvailPageFile size 462M)
current process WorkingSet (physical memory assigned to process): 112M, peak: 112M
current process commit charge ("private bytes"): 478M, peak: 478M

vm_info: OpenJDK 64-Bit Server VM (17.0.5+8-LTS) for windows-amd64 JRE (17.0.5+8-LTS), built on Oct 13 2022 05:18:14 by "Administrator" with MS VC++ 15.9 (VS2017)

END.
