#
# There is insufficient memory for the Java Runtime Environment to continue.
# Native memory allocation (mmap) failed to map 364904448 bytes for G1 virtual space
# Possible reasons:
#   The system is out of physical RAM or swap space
#   The process is running with CompressedOops enabled, and the Java Heap may be blocking the growth of the native heap
# Possible solutions:
#   Reduce memory load on the system
#   Increase physical memory or swap space
#   Check if swap backing store is full
#   Decrease Java heap size (-Xmx/-Xms)
#   Decrease number of Java threads
#   Decrease Java thread stack sizes (-Xss)
#   Set larger code cache with -XX:ReservedCodeCacheSize=
#   JVM is running with Zero Based Compressed Oops mode in which the Java heap is
#     placed in the first 32GB address space. The Java Heap base address is the
#     maximum limit for the native heap growth. Please use -XX:HeapBaseMinAddress
#     to set the Java Heap base and to place the Java Heap above 32GB virtual address.
# This output file may be truncated or incomplete.
#
#  Out of Memory Error (os_windows.cpp:3548), pid=4412, tid=22244
#
# JRE version:  (17.0.5+8) (build )
# Java VM: OpenJDK 64-Bit Server VM (17.0.5+8-LTS, mixed mode, sharing, tiered, compressed oops, compressed class ptrs, g1 gc, windows-amd64)
# No core dump will be written. Minidumps are not enabled by default on client versions of Windows
#

---------------  S U M M A R Y ------------

Command Line: -ea -Didea.test.cyclic.buffer.size=1048576 -javaagent:D:\tools\JetBrains\Toolbox\apps\IDEA-U\ch-0\223.8617.56\lib\idea_rt.jar=51590:D:\tools\JetBrains\Toolbox\apps\IDEA-U\ch-0\223.8617.56\bin -Dfile.encoding=UTF-8 com.intellij.rt.junit.JUnitStarter -ideVersion5 -junit5 com.YYT.springbootbookmanager.config.MyBatisPlusConfigTest,testMybatisPlus_Page

Host: AMD Ryzen 7 6800H with Radeon Graphics         , 16 cores, 21G,  Windows 11 , 64 bit Build 22621 (10.0.22621.1325)
Time: Wed Mar  1 13:47:31 2023 China Standard Time elapsed time: 0.018628 seconds (0d 0h 0m 0s)

---------------  T H R E A D  ---------------

Current thread (0x000002a2b11697a0):  JavaThread "Unknown thread" [_thread_in_vm, id=22244, stack(0x000000d2c0600000,0x000000d2c0700000)]

Stack: [0x000000d2c0600000,0x000000d2c0700000]
Native frames: (J=compiled Java code, j=interpreted, Vv=VM code, C=native code)
V  [jvm.dll+0x646e0a]
V  [jvm.dll+0x7f7f14]
V  [jvm.dll+0x7f96ce]
V  [jvm.dll+0x7f9d23]
V  [jvm.dll+0x234c98]
V  [jvm.dll+0x643d6a]
V  [jvm.dll+0x63849a]
V  [jvm.dll+0x2f2ed9]
V  [jvm.dll+0x2fa066]
V  [jvm.dll+0x345a2a]
V  [jvm.dll+0x345c6f]
V  [jvm.dll+0x2c9378]
V  [jvm.dll+0x2ca309]
V  [jvm.dll+0x7cb681]
V  [jvm.dll+0x352eb1]
V  [jvm.dll+0x7abb8e]
V  [jvm.dll+0x3ce293]
V  [jvm.dll+0x3cfc91]
C  [jli.dll+0x519f]
C  [ucrtbase.dll+0x29363]
C  [KERNEL32.DLL+0x126bd]
C  [ntdll.dll+0x5a9f8]


---------------  P R O C E S S  ---------------

Threads class SMR info:
_java_thread_list=0x00007ffe6d5f6758, length=0, elements={
}

Java Threads: ( => current thread )

Other Threads:
  0x000002a2b11eb1e0 GCTaskThread "GC Thread#0" [stack: 0x000000d2c0700000,0x000000d2c0800000] [id=5880]
  0x000002a2b11f78a0 ConcurrentGCThread "G1 Main Marker" [stack: 0x000000d2c0800000,0x000000d2c0900000] [id=10572]
  0x000002a2b11f8af0 ConcurrentGCThread "G1 Conc#0" [stack: 0x000000d2c0900000,0x000000d2c0a00000] [id=28488]

[error occurred during error reporting (printing all threads), id 0xc0000005, EXCEPTION_ACCESS_VIOLATION (0xc0000005) at pc=0x00007ffe6cdea567]

VM state: not at safepoint (not fully initialized)

VM Mutex/Monitor currently owned by a thread:  ([mutex/lock_event])
[0x000002a2b1165050] Heap_lock - owner thread: 0x000002a2b11697a0

Heap address: 0x00000006a4000000, size: 5568 MB, Compressed Oops mode: Zero based, Oop shift amount: 3

CDS archive(s) mapped at: [0x0000000000000000-0x0000000000000000-0x0000000000000000), size 0, SharedBaseAddress: 0x0000000800000000, ArchiveRelocationMode: 0.
Narrow klass base: 0x0000000000000000, Narrow klass shift: 0, Narrow klass range: 0x0

GC Precious Log:
<Empty>

Heap:
 garbage-first heap   total 0K, used 0K [0x00000006a4000000, 0x0000000800000000)
  region size 4096K, 0 young (0K), 0 survivors (0K)

[error occurred during error reporting (printing heap information), id 0xc0000005, EXCEPTION_ACCESS_VIOLATION (0xc0000005) at pc=0x00007ffe6d1ae739]

GC Heap History (0 events):
No events

Dll operation events (1 events):
Event: 0.012 Loaded shared library C:\Users\14361\.jdks\corretto-17.0.5\bin\java.dll

Deoptimization events (0 events):
No events

Classes unloaded (0 events):
No events

Classes redefined (0 events):
No events

Internal exceptions (0 events):
No events

VM Operations (0 events):
No events

Events (0 events):
No events


Dynamic libraries:
0x00007ff7ce280000 - 0x00007ff7ce28d000 	C:\Users\14361\.jdks\corretto-17.0.5\bin\java.exe
0x00007ffee6090000 - 0x00007ffee62a4000 	C:\WINDOWS\SYSTEM32\ntdll.dll
0x00007ffee48f0000 - 0x00007ffee49b3000 	C:\WINDOWS\System32\KERNEL32.DLL
0x00007ffee38b0000 - 0x00007ffee3c4c000 	C:\WINDOWS\System32\KERNELBASE.dll
0x00007ffee3c50000 - 0x00007ffee3d61000 	C:\WINDOWS\System32\ucrtbase.dll
0x00007ffec5e00000 - 0x00007ffec5e15000 	C:\Users\14361\.jdks\corretto-17.0.5\bin\VCRUNTIME140.dll
0x00007ffeb9df0000 - 0x00007ffeb9e07000 	C:\Users\14361\.jdks\corretto-17.0.5\bin\jli.dll
0x00007ffee4ee0000 - 0x00007ffee508d000 	C:\WINDOWS\System32\USER32.dll
0x00007ffee34d0000 - 0x00007ffee34f6000 	C:\WINDOWS\System32\win32u.dll
0x00007ffee3fb0000 - 0x00007ffee3fd9000 	C:\WINDOWS\System32\GDI32.dll
0x00007ffee3500000 - 0x00007ffee3613000 	C:\WINDOWS\System32\gdi32full.dll
0x00007ffece440000 - 0x00007ffece6ce000 	C:\WINDOWS\WinSxS\amd64_microsoft.windows.common-controls_6595b64144ccf1df_6.0.22621.436_none_a94247dbc10d8414\COMCTL32.dll
0x00007ffee3790000 - 0x00007ffee382a000 	C:\WINDOWS\System32\msvcp_win.dll
0x00007ffee3ef0000 - 0x00007ffee3f97000 	C:\WINDOWS\System32\msvcrt.dll
0x00007ffee3eb0000 - 0x00007ffee3ee1000 	C:\WINDOWS\System32\IMM32.DLL
0x00007ffe83170000 - 0x00007ffe8320b000 	C:\Users\14361\.jdks\corretto-17.0.5\bin\msvcp140.dll
0x00007ffe6cb10000 - 0x00007ffe6d724000 	C:\Users\14361\.jdks\corretto-17.0.5\bin\server\jvm.dll
0x00007ffee49c0000 - 0x00007ffee4a6e000 	C:\WINDOWS\System32\ADVAPI32.dll
0x00007ffee5750000 - 0x00007ffee57f4000 	C:\WINDOWS\System32\sechost.dll
0x00007ffee4440000 - 0x00007ffee4555000 	C:\WINDOWS\System32\RPCRT4.dll
0x00007ffedb900000 - 0x00007ffedb934000 	C:\WINDOWS\SYSTEM32\WINMM.dll
0x00007ffec17d0000 - 0x00007ffec17d9000 	C:\WINDOWS\SYSTEM32\WSOCK32.dll
0x00007ffed75b0000 - 0x00007ffed75ba000 	C:\WINDOWS\SYSTEM32\VERSION.dll
0x00007ffee4300000 - 0x00007ffee4371000 	C:\WINDOWS\System32\WS2_32.dll
0x00007ffee24e0000 - 0x00007ffee24f8000 	C:\WINDOWS\SYSTEM32\kernel.appcore.dll
0x00007ffecaee0000 - 0x00007ffecaeea000 	C:\Users\14361\.jdks\corretto-17.0.5\bin\jimage.dll
0x00007ffed76f0000 - 0x00007ffed791e000 	C:\WINDOWS\SYSTEM32\DBGHELP.DLL
0x00007ffee4560000 - 0x00007ffee48e9000 	C:\WINDOWS\System32\combase.dll
0x00007ffee4c30000 - 0x00007ffee4d07000 	C:\WINDOWS\System32\OLEAUT32.dll
0x00007ffecee10000 - 0x00007ffecee42000 	C:\WINDOWS\SYSTEM32\dbgcore.DLL
0x00007ffee3830000 - 0x00007ffee38ab000 	C:\WINDOWS\System32\bcryptPrimitives.dll
0x00007ffecc010000 - 0x00007ffecc01e000 	C:\Users\14361\.jdks\corretto-17.0.5\bin\instrument.dll
0x00007ffeb8060000 - 0x00007ffeb8085000 	C:\Users\14361\.jdks\corretto-17.0.5\bin\java.dll

dbghelp: loaded successfully - version: 4.0.5 - missing functions: none
symbol engine: initialized successfully - sym options: 0x614 - pdb path: .;C:\Users\14361\.jdks\corretto-17.0.5\bin;C:\WINDOWS\SYSTEM32;C:\WINDOWS\WinSxS\amd64_microsoft.windows.common-controls_6595b64144ccf1df_6.0.22621.436_none_a94247dbc10d8414;C:\Users\14361\.jdks\corretto-17.0.5\bin\server

VM Arguments:
jvm_args: -ea -Didea.test.cyclic.buffer.size=1048576 -javaagent:D:\tools\JetBrains\Toolbox\apps\IDEA-U\ch-0\223.8617.56\lib\idea_rt.jar=51590:D:\tools\JetBrains\Toolbox\apps\IDEA-U\ch-0\223.8617.56\bin -Dfile.encoding=UTF-8 
java_command: com.intellij.rt.junit.JUnitStarter -ideVersion5 -junit5 com.YYT.springbootbookmanager.config.MyBatisPlusConfigTest,testMybatisPlus_Page
java_class_path (initial): C:\Users\14361\.m2\repository\org\junit\platform\junit-platform-launcher\1.6.3\junit-platform-launcher-1.6.3.jar;C:\Users\14361\.m2\repository\org\apiguardian\apiguardian-api\1.1.0\apiguardian-api-1.1.0.jar;C:\Users\14361\.m2\repository\org\junit\platform\junit-platform-engine\1.6.3\junit-platform-engine-1.6.3.jar;C:\Users\14361\.m2\repository\org\opentest4j\opentest4j\1.2.0\opentest4j-1.2.0.jar;C:\Users\14361\.m2\repository\org\junit\platform\junit-platform-commons\1.6.3\junit-platform-commons-1.6.3.jar;D:\tools\JetBrains\Toolbox\apps\IDEA-U\ch-0\223.8617.56\lib\idea_rt.jar;D:\tools\JetBrains\Toolbox\apps\IDEA-U\ch-0\223.8617.56\plugins\junit\lib\junit5-rt.jar;D:\tools\JetBrains\Toolbox\apps\IDEA-U\ch-0\223.8617.56\plugins\junit\lib\junit-rt.jar;F:\BaiduNetdiskDownload\2-源码资料\2-项目\SpringbootBookManager\target\test-classes;F:\BaiduNetdiskDownload\2-源码资料\2-项目\SpringbootBookManager\target\classes;D:\maven\LocalWareHouse\cn\hutool\hutool-all\5.8.10\hutool-all-5.8.10.jar;D:\maven\LocalWareHouse\org\springframework\boot\spring-boot-starter-thymeleaf\2.3.7.RELEASE\spring-boot-starter-thymeleaf-2.3.7.RELEASE.jar;D:\maven\LocalWareHouse\org\springframework\boot\spring-boot-starter\2.3.7.RELEASE\spring-boot-starter-2.3.7.RELEASE.jar;D:\maven\LocalWareHouse\org\springframework\boot\spring-boot\2.3.7.RELEASE\spring-boot-2.3.7.RELEASE.jar;D:\maven\LocalWareHouse\org\springframework\boot\spring-boot-starter-logging\2.3.7.RELEASE\spring-boot-starter-logging-2.3.7.RELEASE.jar;D:\maven\LocalWareHouse\ch\qos\logback\logback-classic\1.2.3\logback-classic-1.2.3.jar;D:\maven\LocalWareHouse\ch\qos\logback\logback-core\1.2.3\logback-core-1.2.3.jar;D:\maven\LocalWareHouse\org\apache\logging\log4j\log4j-to-slf4j\2.13.3\log4j-to-slf4j-2.13.3.jar;D:\maven\LocalWareHouse\org\apache\logging\log4j\log4j-api\2.13.3\log4j-api-2.13.3.jar;D:\maven\LocalWareHouse\org\slf4j\jul-to-slf4j\1.7.30\jul-to-slf4j-1.7.30.jar;D:\maven\LocalWareHouse\jakarta\annotation\
Launcher Type: SUN_STANDARD

[Global flags]
     intx CICompilerCount                          = 12                                        {product} {ergonomic}
     uint ConcGCThreads                            = 3                                         {product} {ergonomic}
     uint G1ConcRefinementThreads                  = 13                                        {product} {ergonomic}
   size_t G1HeapRegionSize                         = 4194304                                   {product} {ergonomic}
    uintx GCDrainStackTargetSize                   = 64                                        {product} {ergonomic}
   size_t InitialHeapSize                          = 364904448                                 {product} {ergonomic}
   size_t MarkStackSize                            = 4194304                                   {product} {ergonomic}
   size_t MaxHeapSize                              = 5838471168                                {product} {ergonomic}
   size_t MinHeapDeltaBytes                        = 4194304                                   {product} {ergonomic}
   size_t MinHeapSize                              = 8388608                                   {product} {ergonomic}
    uintx NonNMethodCodeHeapSize                   = 7602480                                {pd product} {ergonomic}
    uintx NonProfiledCodeHeapSize                  = 122027880                              {pd product} {ergonomic}
    uintx ProfiledCodeHeapSize                     = 122027880                              {pd product} {ergonomic}
    uintx ReservedCodeCacheSize                    = 251658240                              {pd product} {ergonomic}
     bool SegmentedCodeCache                       = true                                      {product} {ergonomic}
   size_t SoftMaxHeapSize                          = 5838471168                             {manageable} {ergonomic}
     bool UseCompressedClassPointers               = true                           {product lp64_product} {ergonomic}
     bool UseCompressedOops                        = true                           {product lp64_product} {ergonomic}
     bool UseG1GC                                  = true                                      {product} {ergonomic}
     bool UseLargePagesIndividualAllocation        = false                                  {pd product} {ergonomic}

Logging:
Log output configuration:
 #0: stdout all=warning uptime,level,tags
 #1: stderr all=off uptime,level,tags

Environment Variables:
PATH=C:\Program Files\Java\jdk-11.0.6\bin;C:\Program Files (x86)\VMware\VMware Workstation\bin\;D:\Oculus\Support\oculus-runtime;C:\Program Files (x86)\Common Files\Intel\Shared Libraries\redist\intel64\compiler;C:\Windows\system32;C:\Windows;C:\Windows\System32\Wbem;C:\Windows\System32\WindowsPowerShell\v1.0\;C:\Windows\System32\OpenSSH\;C:\Program Files (x86)\NVIDIA Corporation\PhysX\Common;C:\WINDOWS\system32;C:\WINDOWS;C:\WINDOWS\System32\Wbem;C:\WINDOWS\System32\WindowsPowerShell\v1.0\;C:\WINDOWS\System32\OpenSSH\;C:\Program Files\Pandoc\;C:\Program Files\PuTTY\;C:\Program Files\dotnet\;C:\Program Files\Git\cmd;C:\Program Files\Bandizip\Bandizip;C:\Program Files\Java\jdk1.8.0_333\jre;C:\Program Files\Docker\Docker\resources\bin;C:\ProgramData\DockerDesktop\version-bin;C:\Program Files\NVIDIA Corporation\NVIDIA NvDLISR;C:\WINDOWS\system32;C:\WINDOWS;C:\WINDOWS\System32\Wbem;C:\WINDOWS\System32\WindowsPowerShell\v1.0\;C:\WINDOWS\System32\OpenSSH\;D:\Program Files\nodejs\;C:\Program Files\usbipd-win\;C:\Users\14361\AppData\Local\Programs\Python\Python310\Scripts\;C:\Users\14361\AppData\Local\Programs\Python\Python310\;C:\Users\14361\AppData\Local\Microsoft\WindowsApps;D:\Users\14361\AppData\Local\Programs\Microsoft VS Code\bin;D:\Program Files\JetBrains\IntelliJ IDEA 2022.1\bin;C:\Users\14361\AppData\Local\JetBrains\Toolbox\scripts;;C:\Users\14361\AppData\Local\Microsoft\WindowsApps;C:\Users\14361\AppData\Roaming\npm;C:\Users\14361\AppData\Local\Pandoc\
USERNAME=14361
OS=Windows_NT
PROCESSOR_IDENTIFIER=AMD64 Family 25 Model 68 Stepping 1, AuthenticAMD
TMP=C:\Users\14361\AppData\Local\Temp
TEMP=C:\Users\14361\AppData\Local\Temp



---------------  S Y S T E M  ---------------

OS:
 Windows 11 , 64 bit Build 22621 (10.0.22621.1325)
OS uptime: 0 days 1:01 hours
Hyper-V role detected

CPU: total 16 (initial active 16) (16 cores per cpu, 2 threads per core) family 25 model 68 stepping 1 microcode 0x0, cx8, cmov, fxsr, ht, mmx, 3dnowpref, sse, sse2, sse3, ssse3, sse4a, sse4.1, sse4.2, popcnt, lzcnt, tsc, tscinvbit, avx, avx2, aes, clmul, bmi1, bmi2, adx, sha, fma, vzeroupper, clflush, clflushopt, hv

Memory: 4k page, system-wide physical 22269M (6643M free)
TotalPageFile size 22269M (AvailPageFile size 333M)
current process WorkingSet (physical memory assigned to process): 12M, peak: 12M
current process commit charge ("private bytes"): 70M, peak: 418M

vm_info: OpenJDK 64-Bit Server VM (17.0.5+8-LTS) for windows-amd64 JRE (17.0.5+8-LTS), built on Oct 13 2022 05:18:14 by "Administrator" with MS VC++ 15.9 (VS2017)

END.
