#
# There is insufficient memory for the Java Runtime Environment to continue.
# Native memory allocation (malloc) failed to allocate 32744 bytes for ChunkPool::allocate
# Possible reasons:
#   The system is out of physical RAM or swap space
#   The process is running with CompressedOops enabled, and the Java Heap may be blocking the growth of the native heap
# Possible solutions:
#   Reduce memory load on the system
#   Increase physical memory or swap space
#   Check if swap backing store is full
#   Decrease Java heap size (-Xmx/-Xms)
#   Decrease number of Java threads
#   Decrease Java thread stack sizes (-Xss)
#   Set larger code cache with -XX:ReservedCodeCacheSize=
#   JVM is running with Zero Based Compressed Oops mode in which the Java heap is
#     placed in the first 32GB address space. The Java Heap base address is the
#     maximum limit for the native heap growth. Please use -XX:HeapBaseMinAddress
#     to set the Java Heap base and to place the Java Heap above 32GB virtual address.
# This output file may be truncated or incomplete.
#
#  Out of Memory Error (arena.cpp:78), pid=39972, tid=36192
#
# JRE version: OpenJDK Runtime Environment Corretto-17.0.5.8.1 (17.0.5+8) (build 17.0.5+8-LTS)
# Java VM: OpenJDK 64-Bit Server VM Corretto-17.0.5.8.1 (17.0.5+8-LTS, mixed mode, emulated-client, sharing, tiered, compressed oops, compressed class ptrs, g1 gc, windows-amd64)
# No core dump will be written. Minidumps are not enabled by default on client versions of Windows
#

---------------  S U M M A R Y ------------

Command Line: -XX:TieredStopAtLevel=1 -Dspring.devtools.restart.trigger-file=.restartTriggerFile -Dspring.output.ansi.enabled=always -Dcom.sun.management.jmxremote -Dspring.jmx.enabled=true -Dspring.liveBeansView.mbeanDomain -Dspring.application.admin.enabled=true -Dmanagement.endpoints.jmx.exposure.include=* -javaagent:D:\tools\JetBrains\Toolbox\apps\IDEA-U\ch-0\223.8617.56\lib\idea_rt.jar=64182:D:\tools\JetBrains\Toolbox\apps\IDEA-U\ch-0\223.8617.56\bin -Dfile.encoding=UTF-8 com.YYT.springbootbookmanager.SpringbootBookManagerApplication

Host: AMD Ryzen 7 6800H with Radeon Graphics         , 16 cores, 21G,  Windows 11 , 64 bit Build 22621 (10.0.22621.1325)
Time: Mon Feb 27 14:01:30 2023 China Standard Time elapsed time: 1.127296 seconds (0d 0h 0m 1s)

---------------  T H R E A D  ---------------

Current thread (0x000001befd50e7f0):  JavaThread "C1 CompilerThread3" daemon [_thread_in_native, id=36192, stack(0x000000b864500000,0x000000b864600000)]


Current CompileTask:
C1:   1127 2437   !   1       org.springframework.beans.factory.support.AbstractBeanFactory::doGetBean (874 bytes)

Stack: [0x000000b864500000,0x000000b864600000]
Native frames: (J=compiled Java code, j=interpreted, Vv=VM code, C=native code)
V  [jvm.dll+0x646e0a]
V  [jvm.dll+0x7f7f14]
V  [jvm.dll+0x7f96ce]
V  [jvm.dll+0x7f9d23]
V  [jvm.dll+0x234c98]
V  [jvm.dll+0xbcf18]
V  [jvm.dll+0xbd2dc]
V  [jvm.dll+0x633e13]
V  [jvm.dll+0x16fe90]
V  [jvm.dll+0x16d87e]
V  [jvm.dll+0x16dc1a]
V  [jvm.dll+0x1707f3]
V  [jvm.dll+0x12d283]
V  [jvm.dll+0x12cb4f]
V  [jvm.dll+0x12cd85]
V  [jvm.dll+0x12c175]
V  [jvm.dll+0x12de96]
V  [jvm.dll+0x217bdd]
V  [jvm.dll+0x215e24]
V  [jvm.dll+0x7b06ab]
V  [jvm.dll+0x7aac5a]
V  [jvm.dll+0x645cd5]
C  [ucrtbase.dll+0x29363]
C  [KERNEL32.DLL+0x126bd]
C  [ntdll.dll+0x5a9f8]


---------------  P R O C E S S  ---------------

Threads class SMR info:
_java_thread_list=0x000001beff214710, length=18, elements={
0x000001bee1857fb0, 0x000001befbcd5250, 0x000001befbcd5c00, 0x000001befbcf15f0,
0x000001befbcf1fa0, 0x000001befbcf4960, 0x000001befbcf5310, 0x000001befbcf5cc0,
0x000001befd4090a0, 0x000001befbcfea80, 0x000001bee190dc90, 0x000001bee190e1a0,
0x000001befd50e7f0, 0x000001befd7cfb90, 0x000001befd7d0060, 0x000001befde58af0,
0x000001befde5f1f0, 0x000001befde5f700
}

Java Threads: ( => current thread )
  0x000001bee1857fb0 JavaThread "main" [_thread_in_native, id=39556, stack(0x000000b863300000,0x000000b863400000)]
  0x000001befbcd5250 JavaThread "Reference Handler" daemon [_thread_blocked, id=27332, stack(0x000000b863a00000,0x000000b863b00000)]
  0x000001befbcd5c00 JavaThread "Finalizer" daemon [_thread_blocked, id=40336, stack(0x000000b863b00000,0x000000b863c00000)]
  0x000001befbcf15f0 JavaThread "Signal Dispatcher" daemon [_thread_blocked, id=8412, stack(0x000000b863c00000,0x000000b863d00000)]
  0x000001befbcf1fa0 JavaThread "Attach Listener" daemon [_thread_blocked, id=40036, stack(0x000000b863d00000,0x000000b863e00000)]
  0x000001befbcf4960 JavaThread "Service Thread" daemon [_thread_blocked, id=8516, stack(0x000000b863e00000,0x000000b863f00000)]
  0x000001befbcf5310 JavaThread "Monitor Deflation Thread" daemon [_thread_blocked, id=240, stack(0x000000b863f00000,0x000000b864000000)]
  0x000001befbcf5cc0 JavaThread "C1 CompilerThread0" daemon [_thread_blocked, id=29980, stack(0x000000b864000000,0x000000b864100000)]
  0x000001befd4090a0 JavaThread "Sweeper thread" daemon [_thread_blocked, id=18692, stack(0x000000b864100000,0x000000b864200000)]
  0x000001befbcfea80 JavaThread "Common-Cleaner" daemon [_thread_blocked, id=37428, stack(0x000000b864200000,0x000000b864300000)]
  0x000001bee190dc90 JavaThread "C1 CompilerThread1" daemon [_thread_blocked, id=37388, stack(0x000000b864300000,0x000000b864400000)]
  0x000001bee190e1a0 JavaThread "C1 CompilerThread2" daemon [_thread_in_native, id=29452, stack(0x000000b864400000,0x000000b864500000)]
=>0x000001befd50e7f0 JavaThread "C1 CompilerThread3" daemon [_thread_in_native, id=36192, stack(0x000000b864500000,0x000000b864600000)]
  0x000001befd7cfb90 JavaThread "Monitor Ctrl-Break" daemon [_thread_in_native, id=37772, stack(0x000000b864600000,0x000000b864700000)]
  0x000001befd7d0060 JavaThread "Notification Thread" daemon [_thread_blocked, id=37232, stack(0x000000b864700000,0x000000b864800000)]
  0x000001befde58af0 JavaThread "RMI TCP Accept-0" daemon [_thread_in_native, id=39072, stack(0x000000b864800000,0x000000b864900000)]
  0x000001befde5f1f0 JavaThread "C1 CompilerThread4" daemon [_thread_in_native, id=29744, stack(0x000000b864a00000,0x000000b864b00000)]
  0x000001befde5f700 JavaThread "C1 CompilerThread5" daemon [_thread_blocked, id=38516, stack(0x000000b864b00000,0x000000b864c00000)]

Other Threads:
  0x000001befbccd4a0 VMThread "VM Thread" [stack: 0x000000b863900000,0x000000b863a00000] [id=40804]
  0x000001befdccd8f0 WatcherThread [stack: 0x000000b864900000,0x000000b864a00000] [id=38388]
  0x000001bee18d8040 GCTaskThread "GC Thread#0" [stack: 0x000000b863400000,0x000000b863500000] [id=39140]
  0x000001befe01cea0 GCTaskThread "GC Thread#1" [stack: 0x000000b864c00000,0x000000b864d00000] [id=37668]
  0x000001befdfcc3b0 GCTaskThread "GC Thread#2" [stack: 0x000000b864d00000,0x000000b864e00000] [id=35672]
  0x000001befdfcc660 GCTaskThread "GC Thread#3" [stack: 0x000000b864e00000,0x000000b864f00000] [id=37528]
  0x000001befdfcc910 GCTaskThread "GC Thread#4" [stack: 0x000000b864f00000,0x000000b865000000] [id=39472]
  0x000001befdfccbc0 GCTaskThread "GC Thread#5" [stack: 0x000000b865000000,0x000000b865100000] [id=15464]
  0x000001befdfcd2f0 GCTaskThread "GC Thread#6" [stack: 0x000000b865100000,0x000000b865200000] [id=38568]
  0x000001befdfdd870 GCTaskThread "GC Thread#7" [stack: 0x000000b865200000,0x000000b865300000] [id=38064]
  0x000001befe1ff290 GCTaskThread "GC Thread#8" [stack: 0x000000b865400000,0x000000b865500000] [id=40588]
  0x000001befe1c35b0 GCTaskThread "GC Thread#9" [stack: 0x000000b865500000,0x000000b865600000] [id=5060]
  0x000001bee18e3de0 ConcurrentGCThread "G1 Main Marker" [stack: 0x000000b863500000,0x000000b863600000] [id=38036]
  0x000001bee18e4f30 ConcurrentGCThread "G1 Conc#0" [stack: 0x000000b863600000,0x000000b863700000] [id=33144]
  0x000001bedf6ee400 ConcurrentGCThread "G1 Refine#0" [stack: 0x000000b863700000,0x000000b863800000] [id=40456]
  0x000001bee1905080 ConcurrentGCThread "G1 Service" [stack: 0x000000b863800000,0x000000b863900000] [id=37912]

Threads with active compile tasks:
C1 CompilerThread2     1152 2457       1       org.springframework.asm.ClassReader::accept (1373 bytes)
C1 CompilerThread3     1152 2437   !   1       org.springframework.beans.factory.support.AbstractBeanFactory::doGetBean (874 bytes)

VM state: not at safepoint (normal execution)

VM Mutex/Monitor currently owned by a thread: None

Heap address: 0x00000006a4000000, size: 5568 MB, Compressed Oops mode: Zero based, Oop shift amount: 3

CDS archive(s) mapped at: [0x0000000800000000-0x0000000800bc0000-0x0000000800bc0000), size 12320768, SharedBaseAddress: 0x0000000800000000, ArchiveRelocationMode: 0.
Compressed class space mapped at: 0x0000000800c00000-0x0000000840c00000, reserved size: 1073741824
Narrow klass base: 0x0000000800000000, Narrow klass shift: 0, Narrow klass range: 0x100000000

GC Precious Log:
 CPUs: 16 total, 16 available
 Memory: 22269M
 Large Page Support: Disabled
 NUMA Support: Disabled
 Compressed Oops: Enabled (Zero based)
 Heap Region Size: 4M
 Heap Min Capacity: 8M
 Heap Initial Capacity: 348M
 Heap Max Capacity: 5568M
 Pre-touch: Disabled
 Parallel Workers: 13
 Concurrent Workers: 3
 Concurrent Refinement Workers: 13
 Periodic GC: Disabled

Heap:
 garbage-first heap   total 356352K, used 48223K [0x00000006a4000000, 0x0000000800000000)
  region size 4096K, 12 young (49152K), 1 survivors (4096K)
 Metaspace       used 17490K, committed 17856K, reserved 1064960K
  class space    used 2330K, committed 2496K, reserved 1048576K

Heap Regions: E=young(eden), S=young(survivor), O=old, HS=humongous(starts), HC=humongous(continues), CS=collection set, F=free, OA=open archive, CA=closed archive, TAMS=top-at-mark-start (previous, next)
|   0|0x00000006a4000000, 0x00000006a4400000, 0x00000006a4400000|100%| O|  |TAMS 0x00000006a4000000, 0x00000006a4000000| Untracked 
|   1|0x00000006a4400000, 0x00000006a45c9800, 0x00000006a4800000| 44%| O|  |TAMS 0x00000006a4400000, 0x00000006a4400000| Untracked 
|   2|0x00000006a4800000, 0x00000006a4800000, 0x00000006a4c00000|  0%| F|  |TAMS 0x00000006a4800000, 0x00000006a4800000| Untracked 
|   3|0x00000006a4c00000, 0x00000006a4c00000, 0x00000006a5000000|  0%| F|  |TAMS 0x00000006a4c00000, 0x00000006a4c00000| Untracked 
|   4|0x00000006a5000000, 0x00000006a5000000, 0x00000006a5400000|  0%| F|  |TAMS 0x00000006a5000000, 0x00000006a5000000| Untracked 
|   5|0x00000006a5400000, 0x00000006a5400000, 0x00000006a5800000|  0%| F|  |TAMS 0x00000006a5400000, 0x00000006a5400000| Untracked 
|   6|0x00000006a5800000, 0x00000006a5800000, 0x00000006a5c00000|  0%| F|  |TAMS 0x00000006a5800000, 0x00000006a5800000| Untracked 
|   7|0x00000006a5c00000, 0x00000006a5c00000, 0x00000006a6000000|  0%| F|  |TAMS 0x00000006a5c00000, 0x00000006a5c00000| Untracked 
|   8|0x00000006a6000000, 0x00000006a6000000, 0x00000006a6400000|  0%| F|  |TAMS 0x00000006a6000000, 0x00000006a6000000| Untracked 
|   9|0x00000006a6400000, 0x00000006a6400000, 0x00000006a6800000|  0%| F|  |TAMS 0x00000006a6400000, 0x00000006a6400000| Untracked 
|  10|0x00000006a6800000, 0x00000006a6800000, 0x00000006a6c00000|  0%| F|  |TAMS 0x00000006a6800000, 0x00000006a6800000| Untracked 
|  11|0x00000006a6c00000, 0x00000006a6c00000, 0x00000006a7000000|  0%| F|  |TAMS 0x00000006a6c00000, 0x00000006a6c00000| Untracked 
|  12|0x00000006a7000000, 0x00000006a7000000, 0x00000006a7400000|  0%| F|  |TAMS 0x00000006a7000000, 0x00000006a7000000| Untracked 
|  13|0x00000006a7400000, 0x00000006a7400000, 0x00000006a7800000|  0%| F|  |TAMS 0x00000006a7400000, 0x00000006a7400000| Untracked 
|  14|0x00000006a7800000, 0x00000006a7800000, 0x00000006a7c00000|  0%| F|  |TAMS 0x00000006a7800000, 0x00000006a7800000| Untracked 
|  15|0x00000006a7c00000, 0x00000006a7c00000, 0x00000006a8000000|  0%| F|  |TAMS 0x00000006a7c00000, 0x00000006a7c00000| Untracked 
|  16|0x00000006a8000000, 0x00000006a8000000, 0x00000006a8400000|  0%| F|  |TAMS 0x00000006a8000000, 0x00000006a8000000| Untracked 
|  17|0x00000006a8400000, 0x00000006a8400000, 0x00000006a8800000|  0%| F|  |TAMS 0x00000006a8400000, 0x00000006a8400000| Untracked 
|  18|0x00000006a8800000, 0x00000006a8800000, 0x00000006a8c00000|  0%| F|  |TAMS 0x00000006a8800000, 0x00000006a8800000| Untracked 
|  19|0x00000006a8c00000, 0x00000006a8c00000, 0x00000006a9000000|  0%| F|  |TAMS 0x00000006a8c00000, 0x00000006a8c00000| Untracked 
|  20|0x00000006a9000000, 0x00000006a9000000, 0x00000006a9400000|  0%| F|  |TAMS 0x00000006a9000000, 0x00000006a9000000| Untracked 
|  21|0x00000006a9400000, 0x00000006a9400000, 0x00000006a9800000|  0%| F|  |TAMS 0x00000006a9400000, 0x00000006a9400000| Untracked 
|  22|0x00000006a9800000, 0x00000006a9800000, 0x00000006a9c00000|  0%| F|  |TAMS 0x00000006a9800000, 0x00000006a9800000| Untracked 
|  23|0x00000006a9c00000, 0x00000006a9c00000, 0x00000006aa000000|  0%| F|  |TAMS 0x00000006a9c00000, 0x00000006a9c00000| Untracked 
|  24|0x00000006aa000000, 0x00000006aa000000, 0x00000006aa400000|  0%| F|  |TAMS 0x00000006aa000000, 0x00000006aa000000| Untracked 
|  25|0x00000006aa400000, 0x00000006aa400000, 0x00000006aa800000|  0%| F|  |TAMS 0x00000006aa400000, 0x00000006aa400000| Untracked 
|  26|0x00000006aa800000, 0x00000006aa800000, 0x00000006aac00000|  0%| F|  |TAMS 0x00000006aa800000, 0x00000006aa800000| Untracked 
|  27|0x00000006aac00000, 0x00000006aac00000, 0x00000006ab000000|  0%| F|  |TAMS 0x00000006aac00000, 0x00000006aac00000| Untracked 
|  28|0x00000006ab000000, 0x00000006ab000000, 0x00000006ab400000|  0%| F|  |TAMS 0x00000006ab000000, 0x00000006ab000000| Untracked 
|  29|0x00000006ab400000, 0x00000006ab400000, 0x00000006ab800000|  0%| F|  |TAMS 0x00000006ab400000, 0x00000006ab400000| Untracked 
|  30|0x00000006ab800000, 0x00000006ab800000, 0x00000006abc00000|  0%| F|  |TAMS 0x00000006ab800000, 0x00000006ab800000| Untracked 
|  31|0x00000006abc00000, 0x00000006abc00000, 0x00000006ac000000|  0%| F|  |TAMS 0x00000006abc00000, 0x00000006abc00000| Untracked 
|  32|0x00000006ac000000, 0x00000006ac000000, 0x00000006ac400000|  0%| F|  |TAMS 0x00000006ac000000, 0x00000006ac000000| Untracked 
|  33|0x00000006ac400000, 0x00000006ac400000, 0x00000006ac800000|  0%| F|  |TAMS 0x00000006ac400000, 0x00000006ac400000| Untracked 
|  34|0x00000006ac800000, 0x00000006ac800000, 0x00000006acc00000|  0%| F|  |TAMS 0x00000006ac800000, 0x00000006ac800000| Untracked 
|  35|0x00000006acc00000, 0x00000006acc00000, 0x00000006ad000000|  0%| F|  |TAMS 0x00000006acc00000, 0x00000006acc00000| Untracked 
|  36|0x00000006ad000000, 0x00000006ad000000, 0x00000006ad400000|  0%| F|  |TAMS 0x00000006ad000000, 0x00000006ad000000| Untracked 
|  37|0x00000006ad400000, 0x00000006ad400000, 0x00000006ad800000|  0%| F|  |TAMS 0x00000006ad400000, 0x00000006ad400000| Untracked 
|  38|0x00000006ad800000, 0x00000006ad800000, 0x00000006adc00000|  0%| F|  |TAMS 0x00000006ad800000, 0x00000006ad800000| Untracked 
|  39|0x00000006adc00000, 0x00000006adc00000, 0x00000006ae000000|  0%| F|  |TAMS 0x00000006adc00000, 0x00000006adc00000| Untracked 
|  40|0x00000006ae000000, 0x00000006ae000000, 0x00000006ae400000|  0%| F|  |TAMS 0x00000006ae000000, 0x00000006ae000000| Untracked 
|  41|0x00000006ae400000, 0x00000006ae400000, 0x00000006ae800000|  0%| F|  |TAMS 0x00000006ae400000, 0x00000006ae400000| Untracked 
|  42|0x00000006ae800000, 0x00000006ae800000, 0x00000006aec00000|  0%| F|  |TAMS 0x00000006ae800000, 0x00000006ae800000| Untracked 
|  43|0x00000006aec00000, 0x00000006aec00000, 0x00000006af000000|  0%| F|  |TAMS 0x00000006aec00000, 0x00000006aec00000| Untracked 
|  44|0x00000006af000000, 0x00000006af000000, 0x00000006af400000|  0%| F|  |TAMS 0x00000006af000000, 0x00000006af000000| Untracked 
|  45|0x00000006af400000, 0x00000006af400000, 0x00000006af800000|  0%| F|  |TAMS 0x00000006af400000, 0x00000006af400000| Untracked 
|  46|0x00000006af800000, 0x00000006af800000, 0x00000006afc00000|  0%| F|  |TAMS 0x00000006af800000, 0x00000006af800000| Untracked 
|  47|0x00000006afc00000, 0x00000006afc00000, 0x00000006b0000000|  0%| F|  |TAMS 0x00000006afc00000, 0x00000006afc00000| Untracked 
|  48|0x00000006b0000000, 0x00000006b0000000, 0x00000006b0400000|  0%| F|  |TAMS 0x00000006b0000000, 0x00000006b0000000| Untracked 
|  49|0x00000006b0400000, 0x00000006b0400000, 0x00000006b0800000|  0%| F|  |TAMS 0x00000006b0400000, 0x00000006b0400000| Untracked 
|  50|0x00000006b0800000, 0x00000006b0800000, 0x00000006b0c00000|  0%| F|  |TAMS 0x00000006b0800000, 0x00000006b0800000| Untracked 
|  51|0x00000006b0c00000, 0x00000006b0c00000, 0x00000006b1000000|  0%| F|  |TAMS 0x00000006b0c00000, 0x00000006b0c00000| Untracked 
|  52|0x00000006b1000000, 0x00000006b1000000, 0x00000006b1400000|  0%| F|  |TAMS 0x00000006b1000000, 0x00000006b1000000| Untracked 
|  53|0x00000006b1400000, 0x00000006b1400000, 0x00000006b1800000|  0%| F|  |TAMS 0x00000006b1400000, 0x00000006b1400000| Untracked 
|  54|0x00000006b1800000, 0x00000006b1800000, 0x00000006b1c00000|  0%| F|  |TAMS 0x00000006b1800000, 0x00000006b1800000| Untracked 
|  55|0x00000006b1c00000, 0x00000006b1c00000, 0x00000006b2000000|  0%| F|  |TAMS 0x00000006b1c00000, 0x00000006b1c00000| Untracked 
|  56|0x00000006b2000000, 0x00000006b2000000, 0x00000006b2400000|  0%| F|  |TAMS 0x00000006b2000000, 0x00000006b2000000| Untracked 
|  57|0x00000006b2400000, 0x00000006b2400000, 0x00000006b2800000|  0%| F|  |TAMS 0x00000006b2400000, 0x00000006b2400000| Untracked 
|  58|0x00000006b2800000, 0x00000006b2800000, 0x00000006b2c00000|  0%| F|  |TAMS 0x00000006b2800000, 0x00000006b2800000| Untracked 
|  59|0x00000006b2c00000, 0x00000006b2c00000, 0x00000006b3000000|  0%| F|  |TAMS 0x00000006b2c00000, 0x00000006b2c00000| Untracked 
|  60|0x00000006b3000000, 0x00000006b3000000, 0x00000006b3400000|  0%| F|  |TAMS 0x00000006b3000000, 0x00000006b3000000| Untracked 
|  61|0x00000006b3400000, 0x00000006b3400000, 0x00000006b3800000|  0%| F|  |TAMS 0x00000006b3400000, 0x00000006b3400000| Untracked 
|  62|0x00000006b3800000, 0x00000006b3800000, 0x00000006b3c00000|  0%| F|  |TAMS 0x00000006b3800000, 0x00000006b3800000| Untracked 
|  63|0x00000006b3c00000, 0x00000006b3c00000, 0x00000006b4000000|  0%| F|  |TAMS 0x00000006b3c00000, 0x00000006b3c00000| Untracked 
|  64|0x00000006b4000000, 0x00000006b4000000, 0x00000006b4400000|  0%| F|  |TAMS 0x00000006b4000000, 0x00000006b4000000| Untracked 
|  65|0x00000006b4400000, 0x00000006b4400000, 0x00000006b4800000|  0%| F|  |TAMS 0x00000006b4400000, 0x00000006b4400000| Untracked 
|  66|0x00000006b4800000, 0x00000006b4800000, 0x00000006b4c00000|  0%| F|  |TAMS 0x00000006b4800000, 0x00000006b4800000| Untracked 
|  67|0x00000006b4c00000, 0x00000006b4c00000, 0x00000006b5000000|  0%| F|  |TAMS 0x00000006b4c00000, 0x00000006b4c00000| Untracked 
|  68|0x00000006b5000000, 0x00000006b5000000, 0x00000006b5400000|  0%| F|  |TAMS 0x00000006b5000000, 0x00000006b5000000| Untracked 
|  69|0x00000006b5400000, 0x00000006b5400000, 0x00000006b5800000|  0%| F|  |TAMS 0x00000006b5400000, 0x00000006b5400000| Untracked 
|  70|0x00000006b5800000, 0x00000006b5800000, 0x00000006b5c00000|  0%| F|  |TAMS 0x00000006b5800000, 0x00000006b5800000| Untracked 
|  71|0x00000006b5c00000, 0x00000006b5c00000, 0x00000006b6000000|  0%| F|  |TAMS 0x00000006b5c00000, 0x00000006b5c00000| Untracked 
|  72|0x00000006b6000000, 0x00000006b6000000, 0x00000006b6400000|  0%| F|  |TAMS 0x00000006b6000000, 0x00000006b6000000| Untracked 
|  73|0x00000006b6400000, 0x00000006b6400000, 0x00000006b6800000|  0%| F|  |TAMS 0x00000006b6400000, 0x00000006b6400000| Untracked 
|  74|0x00000006b6800000, 0x00000006b6800000, 0x00000006b6c00000|  0%| F|  |TAMS 0x00000006b6800000, 0x00000006b6800000| Untracked 
|  75|0x00000006b6c00000, 0x00000006b6e89158, 0x00000006b7000000| 63%| E|  |TAMS 0x00000006b6c00000, 0x00000006b6c00000| Complete 
|  76|0x00000006b7000000, 0x00000006b7400000, 0x00000006b7400000|100%| E|CS|TAMS 0x00000006b7000000, 0x00000006b7000000| Complete 
|  77|0x00000006b7400000, 0x00000006b7800000, 0x00000006b7800000|100%| E|CS|TAMS 0x00000006b7400000, 0x00000006b7400000| Complete 
|  78|0x00000006b7800000, 0x00000006b7c00000, 0x00000006b7c00000|100%| E|CS|TAMS 0x00000006b7800000, 0x00000006b7800000| Complete 
|  79|0x00000006b7c00000, 0x00000006b8000000, 0x00000006b8000000|100%| E|CS|TAMS 0x00000006b7c00000, 0x00000006b7c00000| Complete 
|  80|0x00000006b8000000, 0x00000006b8400000, 0x00000006b8400000|100%| E|CS|TAMS 0x00000006b8000000, 0x00000006b8000000| Complete 
|  81|0x00000006b8400000, 0x00000006b8800000, 0x00000006b8800000|100%| E|CS|TAMS 0x00000006b8400000, 0x00000006b8400000| Complete 
|  82|0x00000006b8800000, 0x00000006b894e6d0, 0x00000006b8c00000| 32%| S|CS|TAMS 0x00000006b8800000, 0x00000006b8800000| Complete 
|  83|0x00000006b8c00000, 0x00000006b9000000, 0x00000006b9000000|100%| E|CS|TAMS 0x00000006b8c00000, 0x00000006b8c00000| Complete 
|  84|0x00000006b9000000, 0x00000006b9400000, 0x00000006b9400000|100%| E|CS|TAMS 0x00000006b9000000, 0x00000006b9000000| Complete 
|  85|0x00000006b9400000, 0x00000006b9800000, 0x00000006b9800000|100%| E|CS|TAMS 0x00000006b9400000, 0x00000006b9400000| Complete 
|  86|0x00000006b9800000, 0x00000006b9c00000, 0x00000006b9c00000|100%| E|CS|TAMS 0x00000006b9800000, 0x00000006b9800000| Complete 

Card table byte_map: [0x000001beed490000,0x000001beedf70000] _byte_map_base: 0x000001bee9f70000

Marking Bits (Prev, Next): (CMBitMap*) 0x000001bee18d8550, (CMBitMap*) 0x000001bee18d8590
 Prev Bits: [0x000001beeea50000, 0x000001bef4150000)
 Next Bits: [0x000001bef4150000, 0x000001bef9850000)

Polling page: 0x000001bedf7f0000

Metaspace:

Usage:
  Non-class:     14.81 MB used.
      Class:      2.28 MB used.
       Both:     17.09 MB used.

Virtual space:
  Non-class space:       16.00 MB reserved,      15.00 MB ( 94%) committed,  2 nodes.
      Class space:        1.00 GB reserved,       2.44 MB ( <1%) committed,  1 nodes.
             Both:        1.02 GB reserved,      17.44 MB (  2%) committed. 

Chunk freelists:
   Non-Class:  810.00 KB
       Class:  1.42 MB
        Both:  2.21 MB

MaxMetaspaceSize: unlimited
CompressedClassSpaceSize: 1.00 GB
Initial GC threshold: 21.00 MB
Current GC threshold: 21.00 MB
CDS: on
MetaspaceReclaimPolicy: balanced
 - commit_granule_bytes: 65536.
 - commit_granule_words: 8192.
 - virtual_space_node_default_size: 1048576.
 - enlarge_chunks_in_place: 1.
 - new_chunks_are_fully_committed: 0.
 - uncommit_free_chunks: 1.
 - use_allocation_guard: 0.
 - handle_deallocations: 1.


Internal statistics:

num_allocs_failed_limit: 0.
num_arena_births: 246.
num_arena_deaths: 0.
num_vsnodes_births: 3.
num_vsnodes_deaths: 0.
num_space_committed: 279.
num_space_uncommitted: 0.
num_chunks_returned_to_freelist: 0.
num_chunks_taken_from_freelist: 752.
num_chunk_merges: 0.
num_chunk_splits: 521.
num_chunks_enlarged: 405.
num_purges: 0.
num_inconsistent_stats: 0.

CodeCache: size=49152Kb used=7850Kb max_used=7850Kb free=41301Kb
 bounds [0x000001bee9340000, 0x000001bee9af0000, 0x000001beec340000]
 total_blobs=3039 nmethods=2561 adapters=400
 compilation: enabled
              stopped_count=0, restarted_count=0
 full_count=0

Compilation events (20 events):
Event: 1.117 Thread 0x000001befbcf5cc0 nmethod 2453 0x000001bee9ac2790 code [0x000001bee9ac2940, 0x000001bee9ac2bb8]
Event: 1.117 Thread 0x000001befde5f700 nmethod 2455 0x000001bee9ac3110 code [0x000001bee9ac32a0, 0x000001bee9ac3388]
Event: 1.117 Thread 0x000001bee190dc90 nmethod 2454 0x000001bee9ac2c90 code [0x000001bee9ac2e40, 0x000001bee9ac3018]
Event: 1.117 Thread 0x000001befbcf5cc0 2456       1       sun.net.www.MessageHeader::grow (92 bytes)
Event: 1.117 Thread 0x000001befde5f700 2464   !   1       org.springframework.context.annotation.ConfigurationClassParser$SourceClass::getRelated (117 bytes)
Event: 1.117 Thread 0x000001bee190dc90 2459       1       java.util.stream.ReferencePipeline::map (26 bytes)
Event: 1.118 Thread 0x000001bee190dc90 nmethod 2459 0x000001bee9ac3b90 code [0x000001bee9ac3d40, 0x000001bee9ac4038]
Event: 1.118 Thread 0x000001befbcf5cc0 nmethod 2456 0x000001bee9ac3410 code [0x000001bee9ac35c0, 0x000001bee9ac3a58]
Event: 1.118 Thread 0x000001bee190dc90 2460       1       java.util.stream.ReferencePipeline$3::<init> (20 bytes)
Event: 1.118 Thread 0x000001befbcf5cc0 2461       1       java.util.stream.ReferencePipeline$3::opWrapSink (10 bytes)
Event: 1.119 Thread 0x000001bee190dc90 nmethod 2460 0x000001bee9ac4190 code [0x000001bee9ac4320, 0x000001bee9ac44e8]
Event: 1.119 Thread 0x000001befbcf5cc0 nmethod 2461 0x000001bee9ac4590 code [0x000001bee9ac4740, 0x000001bee9ac4a28]
Event: 1.119 Thread 0x000001befbcf5cc0 2462       1       java.util.stream.ReferencePipeline$3$1::<init> (11 bytes)
Event: 1.119 Thread 0x000001bee190dc90 2463       1       java.util.stream.Sink$ChainedReference::begin (11 bytes)
Event: 1.119 Thread 0x000001bee190dc90 nmethod 2463 0x000001bee9ac6d90 code [0x000001bee9ac6f20, 0x000001bee9ac7008]
Event: 1.119 Thread 0x000001befbcf5cc0 nmethod 2462 0x000001bee9ac7090 code [0x000001bee9ac7240, 0x000001bee9ac74c8]
Event: 1.119 Thread 0x000001befbcf5cc0 2458       1       java.util.concurrent.atomic.AtomicInteger::set (6 bytes)
Event: 1.119 Thread 0x000001befbcf5cc0 nmethod 2458 0x000001bee9ac8710 code [0x000001bee9ac88a0, 0x000001bee9ac8978]
Event: 1.119 Thread 0x000001befde5f1f0 nmethod 2451 0x000001bee9ac4b90 code [0x000001bee9ac4f80, 0x000001bee9ac6238]
Event: 1.119 Thread 0x000001befde5f700 nmethod 2464 0x000001bee9ac7590 code [0x000001bee9ac7820, 0x000001bee9ac80a8]

GC Heap History (4 events):
Event: 0.551 GC heap before
{Heap before GC invocations=0 (full 0):
 garbage-first heap   total 356352K, used 20480K [0x00000006a4000000, 0x0000000800000000)
  region size 4096K, 5 young (20480K), 0 survivors (0K)
 Metaspace       used 6750K, committed 6912K, reserved 1056768K
  class space    used 837K, committed 896K, reserved 1048576K
}
Event: 0.554 GC heap after
{Heap after GC invocations=1 (full 0):
 garbage-first heap   total 356352K, used 5793K [0x00000006a4000000, 0x0000000800000000)
  region size 4096K, 1 young (4096K), 1 survivors (4096K)
 Metaspace       used 6750K, committed 6912K, reserved 1056768K
  class space    used 837K, committed 896K, reserved 1048576K
}
Event: 0.779 GC heap before
{Heap before GC invocations=1 (full 0):
 garbage-first heap   total 356352K, used 22177K [0x00000006a4000000, 0x0000000800000000)
  region size 4096K, 5 young (20480K), 1 survivors (4096K)
 Metaspace       used 10684K, committed 10944K, reserved 1064960K
  class space    used 1448K, committed 1536K, reserved 1048576K
}
Event: 0.781 GC heap after
{Heap after GC invocations=2 (full 0):
 garbage-first heap   total 356352K, used 7263K [0x00000006a4000000, 0x0000000800000000)
  region size 4096K, 1 young (4096K), 1 survivors (4096K)
 Metaspace       used 10684K, committed 10944K, reserved 1064960K
  class space    used 1448K, committed 1536K, reserved 1048576K
}

Dll operation events (12 events):
Event: 0.012 Loaded shared library C:\Users\14361\.jdks\corretto-17.0.5\bin\java.dll
Event: 0.020 Loaded shared library C:\Users\14361\.jdks\corretto-17.0.5\bin\jsvml.dll
Event: 0.112 Loaded shared library C:\Users\14361\.jdks\corretto-17.0.5\bin\zip.dll
Event: 0.116 Loaded shared library C:\Users\14361\.jdks\corretto-17.0.5\bin\instrument.dll
Event: 0.121 Loaded shared library C:\Users\14361\.jdks\corretto-17.0.5\bin\net.dll
Event: 0.123 Loaded shared library C:\Users\14361\.jdks\corretto-17.0.5\bin\nio.dll
Event: 0.127 Loaded shared library C:\Users\14361\.jdks\corretto-17.0.5\bin\zip.dll
Event: 0.161 Loaded shared library D:\tools\JetBrains\Toolbox\apps\IDEA-U\ch-0\223.8617.56\bin\breakgen64.dll
Event: 0.164 Loaded shared library C:\Users\14361\.jdks\corretto-17.0.5\bin\jimage.dll
Event: 0.182 Loaded shared library C:\Users\14361\.jdks\corretto-17.0.5\bin\management.dll
Event: 0.190 Loaded shared library C:\Users\14361\.jdks\corretto-17.0.5\bin\management_ext.dll
Event: 0.396 Loaded shared library C:\Users\14361\.jdks\corretto-17.0.5\bin\verify.dll

Deoptimization events (2 events):
Event: 0.845 Thread 0x000001bee1857fb0 DEOPT PACKING pc=0x000001bee99b14f9 sp=0x000000b8633fd560
Event: 0.845 Thread 0x000001bee1857fb0 DEOPT UNPACKING pc=0x000001bee9392b43 sp=0x000000b8633fca40 mode 3

Classes unloaded (0 events):
No events

Classes redefined (0 events):
No events

Internal exceptions (20 events):
Event: 0.887 Thread 0x000001bee1857fb0 Exception <a 'java/lang/ClassNotFoundException'{0x00000006b8754bc8}: java/lang/ObjectCustomizer> (0x00000006b8754bc8) 
thrown [s\src\hotspot\share\classfile\systemDictionary.cpp, line 256]
Event: 0.888 Thread 0x000001bee1857fb0 Exception <a 'java/lang/NoSuchMethodError'{0x00000006b8759cc0}: 'java.lang.Object java.lang.invoke.DirectMethodHandle$Holder.invokeInterface(java.lang.Object, java.lang.Object)'> (0x00000006b8759cc0) 
thrown [s\src\hotspot\share\interpreter\linkResolver.cpp, line 759]
Event: 0.888 Thread 0x000001bee1857fb0 Exception <a 'java/lang/IncompatibleClassChangeError'{0x00000006b875d4b8}: Found class java.lang.Object, but interface was expected> (0x00000006b875d4b8) 
thrown [s\src\hotspot\share\interpreter\linkResolver.cpp, line 826]
Event: 0.890 Thread 0x000001bee1857fb0 Exception <a 'java/lang/ClassNotFoundException'{0x00000006b8770538}: org/springframework/context/annotation/ConfigurationClassPostProcessorCustomizer> (0x00000006b8770538) 
thrown [s\src\hotspot\share\classfile\systemDictionary.cpp, line 256]
Event: 0.891 Thread 0x000001befe11e440 Exception <a 'java/lang/NoSuchMethodError'{0x00000006b8060278}: 'java.lang.Object java.lang.invoke.DirectMethodHandle$Holder.invokeVirtual(java.lang.Object, java.lang.Object, java.lang.Object, java.lang.Object)'> (0x00000006b8060278) 
thrown [s\src\hotspot\share\interpreter\linkResolver.cpp, line 759]
Event: 0.895 Thread 0x000001bee1857fb0 Exception <a 'java/lang/ClassNotFoundException'{0x00000006b80f8320}: org/springframework/beans/factory/support/BeanDefinitionRegistryPostProcessorCustomizer> (0x00000006b80f8320) 
thrown [s\src\hotspot\share\classfile\systemDictionary.cpp, line 256]
Event: 0.895 Thread 0x000001bee1857fb0 Exception <a 'java/lang/ClassNotFoundException'{0x00000006b80fca90}: org/springframework/beans/factory/config/BeanFactoryPostProcessorCustomizer> (0x00000006b80fca90) 
thrown [s\src\hotspot\share\classfile\systemDictionary.cpp, line 256]
Event: 0.895 Thread 0x000001bee1857fb0 Exception <a 'java/lang/ClassNotFoundException'{0x00000006b8101198}: org/springframework/core/PriorityOrderedCustomizer> (0x00000006b8101198) 
thrown [s\src\hotspot\share\classfile\systemDictionary.cpp, line 256]
Event: 0.895 Thread 0x000001bee1857fb0 Exception <a 'java/lang/ClassNotFoundException'{0x00000006b8104588}: org/springframework/core/OrderedCustomizer> (0x00000006b8104588) 
thrown [s\src\hotspot\share\classfile\systemDictionary.cpp, line 256]
Event: 0.896 Thread 0x000001bee1857fb0 Exception <a 'java/lang/ClassNotFoundException'{0x00000006b8108a70}: org/springframework/context/ResourceLoaderAwareCustomizer> (0x00000006b8108a70) 
thrown [s\src\hotspot\share\classfile\systemDictionary.cpp, line 256]
Event: 0.896 Thread 0x000001bee1857fb0 Exception <a 'java/lang/ClassNotFoundException'{0x00000006b810d160}: org/springframework/beans/factory/AwareCustomizer> (0x00000006b810d160) 
thrown [s\src\hotspot\share\classfile\systemDictionary.cpp, line 256]
Event: 0.896 Thread 0x000001bee1857fb0 Exception <a 'java/lang/ClassNotFoundException'{0x00000006b81107f0}: org/springframework/beans/factory/BeanClassLoaderAwareCustomizer> (0x00000006b81107f0) 
thrown [s\src\hotspot\share\classfile\systemDictionary.cpp, line 256]
Event: 0.896 Thread 0x000001bee1857fb0 Exception <a 'java/lang/ClassNotFoundException'{0x00000006b8114ec8}: org/springframework/beans/factory/AwareCustomizer> (0x00000006b8114ec8) 
thrown [s\src\hotspot\share\classfile\systemDictionary.cpp, line 256]
Event: 0.897 Thread 0x000001bee1857fb0 Exception <a 'java/lang/ClassNotFoundException'{0x00000006b8118348}: org/springframework/context/EnvironmentAwareCustomizer> (0x00000006b8118348) 
thrown [s\src\hotspot\share\classfile\systemDictionary.cpp, line 256]
Event: 0.897 Thread 0x000001bee1857fb0 Exception <a 'java/lang/ClassNotFoundException'{0x00000006b811c990}: org/springframework/beans/factory/AwareCustomizer> (0x00000006b811c990) 
thrown [s\src\hotspot\share\classfile\systemDictionary.cpp, line 256]
Event: 0.984 Thread 0x000001bee1857fb0 Exception <a 'java/lang/NoSuchMethodError'{0x00000006b7df1bc8}: 'int java.lang.invoke.DirectMethodHandle$Holder.invokeSpecialIFC(java.lang.Object, java.lang.Object, java.lang.Object, java.lang.Object)'> (0x00000006b7df1bc8) 
thrown [s\src\hotspot\share\interpreter\linkResolver.cpp, line 759]
Event: 1.021 Thread 0x000001bee1857fb0 Exception <a 'java/lang/IncompatibleClassChangeError'{0x00000006b7afb490}: Found class java.lang.Object, but interface was expected> (0x00000006b7afb490) 
thrown [s\src\hotspot\share\interpreter\linkResolver.cpp, line 826]
Event: 1.036 Thread 0x000001bee1857fb0 Exception <a 'java/lang/NoSuchMethodError'{0x00000006b746dad0}: 'void java.lang.invoke.DirectMethodHandle$Holder.invokeInterface(java.lang.Object, java.lang.Object, java.lang.Object, java.lang.Object)'> (0x00000006b746dad0) 
thrown [s\src\hotspot\share\interpreter\linkResolver.cpp, line 759]
Event: 1.074 Thread 0x000001bee1857fb0 Exception <a 'java/lang/NoSuchMethodError'{0x00000006b77142c0}: 'java.lang.Object java.lang.invoke.DirectMethodHandle$Holder.invokeStatic(java.lang.Object, java.lang.Object, int)'> (0x00000006b77142c0) 
thrown [s\src\hotspot\share\interpreter\linkResolver.cpp, line 759]
Event: 1.075 Thread 0x000001bee1857fb0 Exception <a 'java/lang/NoSuchMethodError'{0x00000006b771fd00}: 'void java.lang.invoke.DelegatingMethodHandle$Holder.delegate(java.lang.Object, java.lang.Object, int, java.lang.Object)'> (0x00000006b771fd00) 
thrown [s\src\hotspot\share\interpreter\linkResolver.cpp, line 759]

VM Operations (20 events):
Event: 0.369 Executing VM operation: HandshakeAllThreads
Event: 0.369 Executing VM operation: HandshakeAllThreads done
Event: 0.472 Executing VM operation: HandshakeAllThreads
Event: 0.472 Executing VM operation: HandshakeAllThreads done
Event: 0.551 Executing VM operation: HandshakeAllThreads
Event: 0.551 Executing VM operation: HandshakeAllThreads done
Event: 0.551 Executing VM operation: G1CollectForAllocation
Event: 0.554 Executing VM operation: G1CollectForAllocation done
Event: 0.753 Executing VM operation: HandshakeAllThreads
Event: 0.753 Executing VM operation: HandshakeAllThreads done
Event: 0.779 Executing VM operation: G1CollectForAllocation
Event: 0.781 Executing VM operation: G1CollectForAllocation done
Event: 0.872 Executing VM operation: HandshakeAllThreads
Event: 0.872 Executing VM operation: HandshakeAllThreads done
Event: 0.889 Executing VM operation: HandshakeAllThreads
Event: 0.889 Executing VM operation: HandshakeAllThreads done
Event: 0.907 Executing VM operation: HandshakeAllThreads
Event: 0.907 Executing VM operation: HandshakeAllThreads done
Event: 1.065 Executing VM operation: ICBufferFull
Event: 1.065 Executing VM operation: ICBufferFull done

Events (20 events):
Event: 1.009 loading class sun/util/cldr/CLDRTimeZoneNameProviderImpl done
Event: 1.010 loading class sun/util/locale/provider/BaseLocaleDataMetaInfo
Event: 1.010 loading class sun/util/locale/provider/BaseLocaleDataMetaInfo done
Event: 1.010 loading class sun/util/resources/cldr/TimeZoneNames
Event: 1.010 loading class sun/util/resources/TimeZoneNamesBundle
Event: 1.010 loading class sun/util/resources/OpenListResourceBundle
Event: 1.010 loading class sun/util/resources/OpenListResourceBundle done
Event: 1.010 loading class sun/util/resources/TimeZoneNamesBundle done
Event: 1.010 loading class sun/util/resources/cldr/TimeZoneNames done
Event: 1.010 loading class sun/util/resources/cldr/TimeZoneNames_en
Event: 1.011 loading class sun/util/resources/cldr/TimeZoneNames_en done
Event: 1.011 loading class sun/util/resources/cldr/TimeZoneNames_en_US
Event: 1.011 loading class sun/util/resources/cldr/TimeZoneNames_en_US done
Event: 1.012 Thread 0x000001beff1de290 Thread exited: 0x000001beff1de290
Event: 1.012 loading class sun/util/resources/TimeZoneNames
Event: 1.013 loading class sun/util/resources/TimeZoneNames done
Event: 1.013 loading class sun/util/resources/TimeZoneNames_en
Event: 1.013 loading class sun/util/resources/TimeZoneNames_en done
Event: 1.078 loading class java/util/AbstractList$ListItr
Event: 1.078 loading class java/util/AbstractList$ListItr done


Dynamic libraries:
0x00007ff66a0c0000 - 0x00007ff66a0cd000 	C:\Users\14361\.jdks\corretto-17.0.5\bin\java.exe
0x00007fff00910000 - 0x00007fff00b24000 	C:\WINDOWS\SYSTEM32\ntdll.dll
0x00007ffefe8f0000 - 0x00007ffefe9b3000 	C:\WINDOWS\System32\KERNEL32.DLL
0x00007ffefe1c0000 - 0x00007ffefe55c000 	C:\WINDOWS\System32\KERNELBASE.dll
0x00007ffefe560000 - 0x00007ffefe671000 	C:\WINDOWS\System32\ucrtbase.dll
0x00007ffee14d0000 - 0x00007ffee14e5000 	C:\Users\14361\.jdks\corretto-17.0.5\bin\VCRUNTIME140.dll
0x00007ffee3550000 - 0x00007ffee3567000 	C:\Users\14361\.jdks\corretto-17.0.5\bin\jli.dll
0x00007fff00720000 - 0x00007fff008cd000 	C:\WINDOWS\System32\USER32.dll
0x00007ffefe020000 - 0x00007ffefe046000 	C:\WINDOWS\System32\win32u.dll
0x00007ffee78c0000 - 0x00007ffee7b4e000 	C:\WINDOWS\WinSxS\amd64_microsoft.windows.common-controls_6595b64144ccf1df_6.0.22621.436_none_a94247dbc10d8414\COMCTL32.dll
0x00007ffefe720000 - 0x00007ffefe749000 	C:\WINDOWS\System32\GDI32.dll
0x00007ffefeb80000 - 0x00007ffefec27000 	C:\WINDOWS\System32\msvcrt.dll
0x00007ffefdd50000 - 0x00007ffefde63000 	C:\WINDOWS\System32\gdi32full.dll
0x00007ffefe680000 - 0x00007ffefe71a000 	C:\WINDOWS\System32\msvcp_win.dll
0x00007ffeff0b0000 - 0x00007ffeff0e1000 	C:\WINDOWS\System32\IMM32.DLL
0x00007ffed3620000 - 0x00007ffed36bb000 	C:\Users\14361\.jdks\corretto-17.0.5\bin\msvcp140.dll
0x00007ffe87550000 - 0x00007ffe88164000 	C:\Users\14361\.jdks\corretto-17.0.5\bin\server\jvm.dll
0x00007ffeff220000 - 0x00007ffeff2ce000 	C:\WINDOWS\System32\ADVAPI32.dll
0x00007ffeff3d0000 - 0x00007ffeff474000 	C:\WINDOWS\System32\sechost.dll
0x00007ffeff0f0000 - 0x00007ffeff205000 	C:\WINDOWS\System32\RPCRT4.dll
0x00007ffedf430000 - 0x00007ffedf439000 	C:\WINDOWS\SYSTEM32\WSOCK32.dll
0x00007ffef6160000 - 0x00007ffef616a000 	C:\WINDOWS\SYSTEM32\VERSION.dll
0x00007ffef36c0000 - 0x00007ffef36f4000 	C:\WINDOWS\SYSTEM32\WINMM.dll
0x00007ffefead0000 - 0x00007ffefeb41000 	C:\WINDOWS\System32\WS2_32.dll
0x00007ffefcd60000 - 0x00007ffefcd78000 	C:\WINDOWS\SYSTEM32\kernel.appcore.dll
0x00007ffeeb990000 - 0x00007ffeeb99a000 	C:\Users\14361\.jdks\corretto-17.0.5\bin\jimage.dll
0x00007ffeecd30000 - 0x00007ffeecf5e000 	C:\WINDOWS\SYSTEM32\DBGHELP.DLL
0x00007ffeff580000 - 0x00007ffeff909000 	C:\WINDOWS\System32\combase.dll
0x00007fff00640000 - 0x00007fff00717000 	C:\WINDOWS\System32\OLEAUT32.dll
0x00007ffee6210000 - 0x00007ffee6242000 	C:\WINDOWS\SYSTEM32\dbgcore.DLL
0x00007ffefdee0000 - 0x00007ffefdf5b000 	C:\WINDOWS\System32\bcryptPrimitives.dll
0x00007ffef9050000 - 0x00007ffef905e000 	C:\Users\14361\.jdks\corretto-17.0.5\bin\instrument.dll
0x00007ffee0b30000 - 0x00007ffee0b55000 	C:\Users\14361\.jdks\corretto-17.0.5\bin\java.dll
0x00007ffed2c00000 - 0x00007ffed2cd6000 	C:\Users\14361\.jdks\corretto-17.0.5\bin\jsvml.dll
0x00007ffeff910000 - 0x00007fff00100000 	C:\WINDOWS\System32\SHELL32.dll
0x00007ffefbd10000 - 0x00007ffefc5dd000 	C:\WINDOWS\SYSTEM32\windows.storage.dll
0x00007ffefbbd0000 - 0x00007ffefbd0e000 	C:\WINDOWS\SYSTEM32\wintypes.dll
0x00007ffefe9c0000 - 0x00007ffefeab1000 	C:\WINDOWS\System32\SHCORE.dll
0x00007ffefec40000 - 0x00007ffefec9e000 	C:\WINDOWS\System32\shlwapi.dll
0x00007ffefdc80000 - 0x00007ffefdca1000 	C:\WINDOWS\SYSTEM32\profapi.dll
0x00007ffede420000 - 0x00007ffede438000 	C:\Users\14361\.jdks\corretto-17.0.5\bin\zip.dll
0x00007ffee09f0000 - 0x00007ffee0a09000 	C:\Users\14361\.jdks\corretto-17.0.5\bin\net.dll
0x00007ffef3cd0000 - 0x00007ffef3dff000 	C:\WINDOWS\SYSTEM32\WINHTTP.dll
0x00007ffefd1c0000 - 0x00007ffefd229000 	C:\WINDOWS\system32\mswsock.dll
0x00007ffedffd0000 - 0x00007ffedffe5000 	C:\Users\14361\.jdks\corretto-17.0.5\bin\nio.dll
0x00007ffeeda00000 - 0x00007ffeeda1a000 	D:\tools\JetBrains\Toolbox\apps\IDEA-U\ch-0\223.8617.56\bin\breakgen64.dll
0x00007ffefc860000 - 0x00007ffefc953000 	C:\WINDOWS\SYSTEM32\DNSAPI.dll
0x00007ffefc830000 - 0x00007ffefc85d000 	C:\WINDOWS\SYSTEM32\IPHLPAPI.DLL
0x00007ffeff210000 - 0x00007ffeff219000 	C:\WINDOWS\System32\NSI.dll
0x00007ffee4a40000 - 0x00007ffee4a5f000 	C:\WINDOWS\system32\wlidnsp.dll
0x0000000067f80000 - 0x0000000067fa6000 	C:\Program Files\Bonjour\mdnsNSP.dll
0x00007ffee6960000 - 0x00007ffee696a000 	C:\Windows\System32\rasadhlp.dll
0x00007ffeef680000 - 0x00007ffeef703000 	C:\WINDOWS\System32\fwpuclnt.dll
0x00007ffeedb80000 - 0x00007ffeedb89000 	C:\Users\14361\.jdks\corretto-17.0.5\bin\management.dll
0x00007ffeedb70000 - 0x00007ffeedb7b000 	C:\Users\14361\.jdks\corretto-17.0.5\bin\management_ext.dll
0x00007ffefec30000 - 0x00007ffefec38000 	C:\WINDOWS\System32\PSAPI.DLL
0x00007ffefd4e0000 - 0x00007ffefd4fb000 	C:\WINDOWS\SYSTEM32\CRYPTSP.dll
0x00007ffefccd0000 - 0x00007ffefcd05000 	C:\WINDOWS\system32\rsaenh.dll
0x00007ffefd260000 - 0x00007ffefd288000 	C:\WINDOWS\SYSTEM32\USERENV.dll
0x00007ffefd6b0000 - 0x00007ffefd6d8000 	C:\WINDOWS\SYSTEM32\bcrypt.dll
0x00007ffefd3c0000 - 0x00007ffefd3cc000 	C:\WINDOWS\SYSTEM32\CRYPTBASE.dll
0x00007ffef3b60000 - 0x00007ffef3b79000 	C:\WINDOWS\SYSTEM32\dhcpcsvc6.DLL
0x00007ffef3af0000 - 0x00007ffef3b0f000 	C:\WINDOWS\SYSTEM32\dhcpcsvc.DLL
0x00007ffedd7a0000 - 0x00007ffedd7b7000 	C:\WINDOWS\system32\napinsp.dll
0x00007ffedd750000 - 0x00007ffedd76b000 	C:\WINDOWS\system32\pnrpnsp.dll
0x00007ffedd710000 - 0x00007ffedd721000 	C:\WINDOWS\System32\winrnr.dll
0x00007ffef3620000 - 0x00007ffef3635000 	C:\WINDOWS\system32\wshbth.dll
0x00007ffede590000 - 0x00007ffede5b1000 	C:\WINDOWS\system32\nlansp_c.dll
0x00007ffee67b0000 - 0x00007ffee67c0000 	C:\Users\14361\.jdks\corretto-17.0.5\bin\verify.dll

dbghelp: loaded successfully - version: 4.0.5 - missing functions: none
symbol engine: initialized successfully - sym options: 0x614 - pdb path: .;C:\Users\14361\.jdks\corretto-17.0.5\bin;C:\WINDOWS\SYSTEM32;C:\WINDOWS\WinSxS\amd64_microsoft.windows.common-controls_6595b64144ccf1df_6.0.22621.436_none_a94247dbc10d8414;C:\Users\14361\.jdks\corretto-17.0.5\bin\server;D:\tools\JetBrains\Toolbox\apps\IDEA-U\ch-0\223.8617.56\bin;C:\Program Files\Bonjour

VM Arguments:
jvm_args: -XX:TieredStopAtLevel=1 -Dspring.devtools.restart.trigger-file=.restartTriggerFile -Dspring.output.ansi.enabled=always -Dcom.sun.management.jmxremote -Dspring.jmx.enabled=true -Dspring.liveBeansView.mbeanDomain -Dspring.application.admin.enabled=true -Dmanagement.endpoints.jmx.exposure.include=* -javaagent:D:\tools\JetBrains\Toolbox\apps\IDEA-U\ch-0\223.8617.56\lib\idea_rt.jar=64182:D:\tools\JetBrains\Toolbox\apps\IDEA-U\ch-0\223.8617.56\bin -Dfile.encoding=UTF-8 
java_command: com.YYT.springbootbookmanager.SpringbootBookManagerApplication
java_class_path (initial): F:\BaiduNetdiskDownload\2-源码资料\2-项目\SpringbootBookManager\target\classes;D:\maven\LocalWareHouse\cn\hutool\hutool-all\5.8.10\hutool-all-5.8.10.jar;D:\maven\LocalWareHouse\org\springframework\boot\spring-boot-starter-thymeleaf\2.3.7.RELEASE\spring-boot-starter-thymeleaf-2.3.7.RELEASE.jar;D:\maven\LocalWareHouse\org\springframework\boot\spring-boot-starter\2.3.7.RELEASE\spring-boot-starter-2.3.7.RELEASE.jar;D:\maven\LocalWareHouse\org\springframework\boot\spring-boot\2.3.7.RELEASE\spring-boot-2.3.7.RELEASE.jar;D:\maven\LocalWareHouse\org\springframework\boot\spring-boot-starter-logging\2.3.7.RELEASE\spring-boot-starter-logging-2.3.7.RELEASE.jar;D:\maven\LocalWareHouse\ch\qos\logback\logback-classic\1.2.3\logback-classic-1.2.3.jar;D:\maven\LocalWareHouse\ch\qos\logback\logback-core\1.2.3\logback-core-1.2.3.jar;D:\maven\LocalWareHouse\org\apache\logging\log4j\log4j-to-slf4j\2.13.3\log4j-to-slf4j-2.13.3.jar;D:\maven\LocalWareHouse\org\apache\logging\log4j\log4j-api\2.13.3\log4j-api-2.13.3.jar;D:\maven\LocalWareHouse\org\slf4j\jul-to-slf4j\1.7.30\jul-to-slf4j-1.7.30.jar;D:\maven\LocalWareHouse\jakarta\annotation\jakarta.annotation-api\1.3.5\jakarta.annotation-api-1.3.5.jar;D:\maven\LocalWareHouse\org\yaml\snakeyaml\1.26\snakeyaml-1.26.jar;D:\maven\LocalWareHouse\org\thymeleaf\thymeleaf-spring5\3.0.11.RELEASE\thymeleaf-spring5-3.0.11.RELEASE.jar;D:\maven\LocalWareHouse\org\springframework\boot\spring-boot-starter-web\2.3.7.RELEASE\spring-boot-starter-web-2.3.7.RELEASE.jar;D:\maven\LocalWareHouse\org\springframework\boot\spring-boot-starter-json\2.3.7.RELEASE\spring-boot-starter-json-2.3.7.RELEASE.jar;D:\maven\LocalWareHouse\com\fasterxml\jackson\core\jackson-databind\2.11.3\jackson-databind-2.11.3.jar;D:\maven\LocalWareHouse\com\fasterxml\jackson\core\jackson-annotations\2.11.3\jackson-annotations-2.11.3.jar;D:\maven\LocalWareHouse\com\fasterxml\jackson\core\jackson-core\2.11.3\jackson-core-2.11.3.jar;D:\maven\LocalWareHouse\com\fasterxml
Launcher Type: SUN_STANDARD

[Global flags]
     intx CICompilerCount                          = 12                                        {product} {ergonomic}
     uint ConcGCThreads                            = 3                                         {product} {ergonomic}
     uint G1ConcRefinementThreads                  = 13                                        {product} {ergonomic}
   size_t G1HeapRegionSize                         = 4194304                                   {product} {ergonomic}
    uintx GCDrainStackTargetSize                   = 64                                        {product} {ergonomic}
   size_t InitialHeapSize                          = 364904448                                 {product} {ergonomic}
     bool ManagementServer                         = true                                      {product} {command line}
   size_t MarkStackSize                            = 4194304                                   {product} {ergonomic}
   size_t MaxHeapSize                              = 5838471168                                {product} {ergonomic}
   size_t MaxNewSize                               = 3502243840                                {product} {ergonomic}
   size_t MinHeapDeltaBytes                        = 4194304                                   {product} {ergonomic}
   size_t MinHeapSize                              = 8388608                                   {product} {ergonomic}
    uintx NonProfiledCodeHeapSize                  = 0                                      {pd product} {ergonomic}
     bool ProfileInterpreter                       = false                                  {pd product} {command line}
    uintx ProfiledCodeHeapSize                     = 0                                      {pd product} {ergonomic}
   size_t SoftMaxHeapSize                          = 5838471168                             {manageable} {ergonomic}
     intx TieredStopAtLevel                        = 1                                         {product} {command line}
     bool UseCompressedClassPointers               = true                           {product lp64_product} {ergonomic}
     bool UseCompressedOops                        = true                           {product lp64_product} {ergonomic}
     bool UseG1GC                                  = true                                      {product} {ergonomic}
     bool UseLargePagesIndividualAllocation        = false                                  {pd product} {ergonomic}

Logging:
Log output configuration:
 #0: stdout all=warning uptime,level,tags
 #1: stderr all=off uptime,level,tags

Environment Variables:
PATH=C:\Program Files\Java\jdk-11.0.6\bin;C:\Program Files (x86)\VMware\VMware Workstation\bin\;D:\Oculus\Support\oculus-runtime;C:\Program Files (x86)\Common Files\Intel\Shared Libraries\redist\intel64\compiler;C:\Windows\system32;C:\Windows;C:\Windows\System32\Wbem;C:\Windows\System32\WindowsPowerShell\v1.0\;C:\Windows\System32\OpenSSH\;C:\Program Files (x86)\NVIDIA Corporation\PhysX\Common;C:\WINDOWS\system32;C:\WINDOWS;C:\WINDOWS\System32\Wbem;C:\WINDOWS\System32\WindowsPowerShell\v1.0\;C:\WINDOWS\System32\OpenSSH\;C:\Program Files\Pandoc\;C:\Program Files\PuTTY\;C:\Program Files\dotnet\;C:\Program Files\Git\cmd;C:\Program Files\Bandizip\Bandizip;C:\Program Files\Java\jdk1.8.0_333\jre;C:\Program Files\Docker\Docker\resources\bin;C:\ProgramData\DockerDesktop\version-bin;C:\Program Files\NVIDIA Corporation\NVIDIA NvDLISR;C:\WINDOWS\system32;C:\WINDOWS;C:\WINDOWS\System32\Wbem;C:\WINDOWS\System32\WindowsPowerShell\v1.0\;C:\WINDOWS\System32\OpenSSH\;D:\Program Files\nodejs\;C:\Program Files\usbipd-win\;C:\Users\14361\AppData\Local\Programs\Python\Python310\Scripts\;C:\Users\14361\AppData\Local\Programs\Python\Python310\;C:\Users\14361\AppData\Local\Microsoft\WindowsApps;D:\Users\14361\AppData\Local\Programs\Microsoft VS Code\bin;D:\Program Files\JetBrains\IntelliJ IDEA 2022.1\bin;C:\Users\14361\AppData\Local\JetBrains\Toolbox\scripts;;C:\Users\14361\AppData\Local\Microsoft\WindowsApps;C:\Users\14361\AppData\Roaming\npm;C:\Users\14361\AppData\Local\Pandoc\
USERNAME=14361
OS=Windows_NT
PROCESSOR_IDENTIFIER=AMD64 Family 25 Model 68 Stepping 1, AuthenticAMD
TMP=C:\Users\14361\AppData\Local\Temp
TEMP=C:\Users\14361\AppData\Local\Temp



---------------  S Y S T E M  ---------------

OS:
 Windows 11 , 64 bit Build 22621 (10.0.22621.1325)
OS uptime: 2 days 14:17 hours
Hyper-V role detected

CPU: total 16 (initial active 16) (16 cores per cpu, 2 threads per core) family 25 model 68 stepping 1 microcode 0x0, cx8, cmov, fxsr, ht, mmx, 3dnowpref, sse, sse2, sse3, ssse3, sse4a, sse4.1, sse4.2, popcnt, lzcnt, tsc, tscinvbit, avx, avx2, aes, clmul, bmi1, bmi2, adx, sha, fma, vzeroupper, clflush, clflushopt, hv

Memory: 4k page, system-wide physical 22269M (7472M free)
TotalPageFile size 22269M (AvailPageFile size 3M)
current process WorkingSet (physical memory assigned to process): 125M, peak: 125M
current process commit charge ("private bytes"): 483M, peak: 483M

vm_info: OpenJDK 64-Bit Server VM (17.0.5+8-LTS) for windows-amd64 JRE (17.0.5+8-LTS), built on Oct 13 2022 05:18:14 by "Administrator" with MS VC++ 15.9 (VS2017)

END.
